<?xml version="1.0" encoding="UTF-8"?>
<coverage generated="1741624898328" clover="3.2.0">
  <project timestamp="1741624898329" name="All files">
    <metrics statements="148" coveredstatements="113" conditionals="38" coveredconditionals="20" methods="17" coveredmethods="13" elements="203" coveredelements="146" complexity="0" loc="148" ncloc="148" packages="6" files="14" classes="14"/>
    <package name="controllers">
      <metrics statements="82" coveredstatements="56" conditionals="30" coveredconditionals="14" methods="8" coveredmethods="7"/>
      <file name="productController.js" path="C:\Users\Fausto\Desktop\2DAW\EntornoServidor\DAWES\SegundoTrimestre\proyectoFootTrading\backend\src\controllers\productController.js">
        <metrics statements="39" coveredstatements="25" conditionals="18" coveredconditionals="7" methods="4" coveredmethods="3"/>
        <line num="3" count="3" type="stmt"/>
        <line num="4" count="1" type="stmt"/>
        <line num="6" count="1" type="stmt"/>
        <line num="8" count="1" type="cond" truecount="1" falsecount="1"/>
        <line num="10" count="1" type="stmt"/>
        <line num="13" count="1" type="cond" truecount="1" falsecount="1"/>
        <line num="14" count="1" type="stmt"/>
        <line num="15" count="0" type="cond" truecount="0" falsecount="2"/>
        <line num="16" count="0" type="stmt"/>
        <line num="17" count="0" type="cond" truecount="0" falsecount="2"/>
        <line num="18" count="0" type="stmt"/>
        <line num="20" count="0" type="stmt"/>
        <line num="24" count="1" type="stmt"/>
        <line num="26" count="1" type="stmt"/>
        <line num="28" count="0" type="stmt"/>
        <line num="29" count="0" type="stmt"/>
        <line num="33" count="3" type="stmt"/>
        <line num="34" count="1" type="stmt"/>
        <line num="36" count="1" type="stmt"/>
        <line num="38" count="1" type="stmt"/>
        <line num="40" count="1" type="cond" truecount="1" falsecount="1"/>
        <line num="41" count="0" type="stmt"/>
        <line num="44" count="1" type="stmt"/>
        <line num="46" count="0" type="stmt"/>
        <line num="50" count="3" type="stmt"/>
        <line num="51" count="1" type="stmt"/>
        <line num="52" count="1" type="stmt"/>
        <line num="54" count="1" type="stmt"/>
        <line num="56" count="1" type="cond" truecount="1" falsecount="1"/>
        <line num="57" count="0" type="stmt"/>
        <line num="58" count="1" type="cond" truecount="1" falsecount="1"/>
        <line num="59" count="0" type="stmt"/>
        <line num="60" count="1" type="cond" truecount="1" falsecount="1"/>
        <line num="61" count="0" type="stmt"/>
        <line num="63" count="1" type="stmt"/>
        <line num="66" count="1" type="cond" truecount="1" falsecount="1"/>
        <line num="67" count="0" type="stmt"/>
        <line num="70" count="1" type="stmt"/>
        <line num="72" count="0" type="stmt"/>
      </file>
      <file name="userController.js" path="C:\Users\Fausto\Desktop\2DAW\EntornoServidor\DAWES\SegundoTrimestre\proyectoFootTrading\backend\src\controllers\userController.js">
        <metrics statements="43" coveredstatements="31" conditionals="12" coveredconditionals="7" methods="4" coveredmethods="4"/>
        <line num="5" count="3" type="cond" truecount="2" falsecount="0"/>
        <line num="7" count="3" type="stmt"/>
        <line num="8" count="2" type="stmt"/>
        <line num="10" count="2" type="stmt"/>
        <line num="12" count="2" type="stmt"/>
        <line num="13" count="2" type="cond" truecount="1" falsecount="1"/>
        <line num="14" count="0" type="stmt"/>
        <line num="18" count="2" type="stmt"/>
        <line num="21" count="2" type="stmt"/>
        <line num="32" count="2" type="stmt"/>
        <line num="34" count="2" type="stmt"/>
        <line num="36" count="0" type="stmt"/>
        <line num="37" count="0" type="stmt"/>
        <line num="41" count="3" type="stmt"/>
        <line num="42" count="1" type="stmt"/>
        <line num="44" count="1" type="stmt"/>
        <line num="46" count="1" type="stmt"/>
        <line num="47" count="1" type="cond" truecount="1" falsecount="1"/>
        <line num="48" count="0" type="stmt"/>
        <line num="52" count="1" type="stmt"/>
        <line num="53" count="1" type="cond" truecount="1" falsecount="1"/>
        <line num="54" count="0" type="stmt"/>
        <line num="58" count="1" type="stmt"/>
        <line num="60" count="1" type="stmt"/>
        <line num="62" count="0" type="stmt"/>
        <line num="63" count="0" type="stmt"/>
        <line num="67" count="3" type="stmt"/>
        <line num="68" count="1" type="stmt"/>
        <line num="70" count="1" type="stmt"/>
        <line num="72" count="1" type="stmt"/>
        <line num="73" count="1" type="cond" truecount="1" falsecount="1"/>
        <line num="74" count="0" type="stmt"/>
        <line num="77" count="1" type="stmt"/>
        <line num="86" count="0" type="stmt"/>
        <line num="87" count="0" type="stmt"/>
        <line num="91" count="3" type="stmt"/>
        <line num="92" count="1" type="stmt"/>
        <line num="94" count="1" type="stmt"/>
        <line num="96" count="1" type="stmt"/>
        <line num="98" count="1" type="cond" truecount="1" falsecount="1"/>
        <line num="99" count="0" type="stmt"/>
        <line num="102" count="1" type="stmt"/>
        <line num="104" count="0" type="stmt"/>
      </file>
    </package>
    <package name="loaders">
      <metrics statements="12" coveredstatements="10" conditionals="0" coveredconditionals="0" methods="3" coveredmethods="2"/>
      <file name="express.js" path="C:\Users\Fausto\Desktop\2DAW\EntornoServidor\DAWES\SegundoTrimestre\proyectoFootTrading\backend\src\loaders\express.js">
        <metrics statements="11" coveredstatements="9" conditionals="0" coveredconditionals="0" methods="2" coveredmethods="1"/>
        <line num="6" count="3" type="stmt"/>
        <line num="7" count="3" type="stmt"/>
        <line num="10" count="3" type="stmt"/>
        <line num="11" count="3" type="stmt"/>
        <line num="13" count="3" type="stmt"/>
        <line num="18" count="3" type="stmt"/>
        <line num="21" count="3" type="stmt"/>
        <line num="24" count="3" type="stmt"/>
        <line num="27" count="3" type="stmt"/>
        <line num="28" count="0" type="stmt"/>
        <line num="29" count="0" type="stmt"/>
      </file>
      <file name="index.js" path="C:\Users\Fausto\Desktop\2DAW\EntornoServidor\DAWES\SegundoTrimestre\proyectoFootTrading\backend\src\loaders\index.js">
        <metrics statements="1" coveredstatements="1" conditionals="0" coveredconditionals="0" methods="1" coveredmethods="1"/>
        <line num="4" count="3" type="stmt"/>
      </file>
    </package>
    <package name="middleware">
      <metrics statements="19" coveredstatements="17" conditionals="8" coveredconditionals="6" methods="2" coveredmethods="2"/>
      <file name="authMiddleware.js" path="C:\Users\Fausto\Desktop\2DAW\EntornoServidor\DAWES\SegundoTrimestre\proyectoFootTrading\backend\src\middleware\authMiddleware.js">
        <metrics statements="16" coveredstatements="14" conditionals="8" coveredconditionals="6" methods="1" coveredmethods="1"/>
        <line num="5" count="1" type="cond" truecount="2" falsecount="0"/>
        <line num="7" count="1" type="stmt"/>
        <line num="8" count="3" type="stmt"/>
        <line num="10" count="3" type="cond" truecount="2" falsecount="0"/>
        <line num="11" count="1" type="stmt"/>
        <line num="14" count="2" type="stmt"/>
        <line num="15" count="2" type="stmt"/>
        <line num="16" count="1" type="stmt"/>
        <line num="18" count="1" type="cond" truecount="1" falsecount="1"/>
        <line num="19" count="0" type="stmt"/>
        <line num="22" count="1" type="stmt"/>
        <line num="24" count="1" type="cond" truecount="1" falsecount="1"/>
        <line num="25" count="0" type="stmt"/>
        <line num="28" count="1" type="stmt"/>
        <line num="29" count="1" type="stmt"/>
        <line num="31" count="1" type="stmt"/>
      </file>
      <file name="errorHandlerMiddleware.js" path="C:\Users\Fausto\Desktop\2DAW\EntornoServidor\DAWES\SegundoTrimestre\proyectoFootTrading\backend\src\middleware\errorHandlerMiddleware.js">
        <metrics statements="3" coveredstatements="3" conditionals="0" coveredconditionals="0" methods="1" coveredmethods="1"/>
        <line num="1" count="1" type="stmt"/>
        <line num="2" count="1" type="stmt"/>
        <line num="3" count="1" type="stmt"/>
      </file>
      <file name="index.js" path="C:\Users\Fausto\Desktop\2DAW\EntornoServidor\DAWES\SegundoTrimestre\proyectoFootTrading\backend\src\middleware\index.js">
        <metrics statements="0" coveredstatements="0" conditionals="0" coveredconditionals="0" methods="0" coveredmethods="0"/>
      </file>
    </package>
    <package name="models">
      <metrics statements="7" coveredstatements="7" conditionals="0" coveredconditionals="0" methods="0" coveredmethods="0"/>
      <file name="product.js" path="C:\Users\Fausto\Desktop\2DAW\EntornoServidor\DAWES\SegundoTrimestre\proyectoFootTrading\backend\src\models\product.js">
        <metrics statements="5" coveredstatements="5" conditionals="0" coveredconditionals="0" methods="0" coveredmethods="0"/>
        <line num="49" count="3" type="stmt"/>
        <line num="74" count="3" type="stmt"/>
        <line num="77" count="3" type="stmt"/>
        <line num="85" count="3" type="stmt"/>
        <line num="93" count="3" type="stmt"/>
      </file>
      <file name="user.js" path="C:\Users\Fausto\Desktop\2DAW\EntornoServidor\DAWES\SegundoTrimestre\proyectoFootTrading\backend\src\models\user.js">
        <metrics statements="2" coveredstatements="2" conditionals="0" coveredconditionals="0" methods="0" coveredmethods="0"/>
        <line num="48" count="4" type="stmt"/>
        <line num="92" count="4" type="stmt"/>
      </file>
    </package>
    <package name="routes">
      <metrics statements="13" coveredstatements="12" conditionals="0" coveredconditionals="0" methods="1" coveredmethods="1"/>
      <file name="index.js" path="C:\Users\Fausto\Desktop\2DAW\EntornoServidor\DAWES\SegundoTrimestre\proyectoFootTrading\backend\src\routes\index.js">
        <metrics statements="13" coveredstatements="12" conditionals="0" coveredconditionals="0" methods="1" coveredmethods="1"/>
        <line num="7" count="3" type="stmt"/>
        <line num="52" count="3" type="stmt"/>
        <line num="93" count="3" type="stmt"/>
        <line num="134" count="3" type="stmt"/>
        <line num="183" count="3" type="stmt"/>
        <line num="203" count="3" type="stmt"/>
        <line num="204" count="1" type="stmt"/>
        <line num="205" count="1" type="stmt"/>
        <line num="206" count="1" type="stmt"/>
        <line num="208" count="0" type="stmt"/>
        <line num="242" count="3" type="stmt"/>
        <line num="274" count="3" type="stmt"/>
        <line num="331" count="3" type="stmt"/>
      </file>
    </package>
    <package name="services">
      <metrics statements="15" coveredstatements="11" conditionals="0" coveredconditionals="0" methods="3" coveredmethods="1"/>
      <file name="cloudinaryConfig.js" path="C:\Users\Fausto\Desktop\2DAW\EntornoServidor\DAWES\SegundoTrimestre\proyectoFootTrading\backend\src\services\cloudinaryConfig.js">
        <metrics statements="2" coveredstatements="2" conditionals="0" coveredconditionals="0" methods="0" coveredmethods="0"/>
        <line num="3" count="3" type="stmt"/>
        <line num="6" count="3" type="stmt"/>
      </file>
      <file name="mongo.js" path="C:\Users\Fausto\Desktop\2DAW\EntornoServidor\DAWES\SegundoTrimestre\proyectoFootTrading\backend\src\services\mongo.js">
        <metrics statements="7" coveredstatements="5" conditionals="0" coveredconditionals="0" methods="1" coveredmethods="1"/>
        <line num="3" count="3" type="stmt"/>
        <line num="4" count="3" type="stmt"/>
        <line num="5" count="3" type="stmt"/>
        <line num="6" count="3" type="stmt"/>
        <line num="9" count="3" type="stmt"/>
        <line num="11" count="0" type="stmt"/>
        <line num="12" count="0" type="stmt"/>
      </file>
      <file name="multerConfig.js" path="C:\Users\Fausto\Desktop\2DAW\EntornoServidor\DAWES\SegundoTrimestre\proyectoFootTrading\backend\src\services\multerConfig.js">
        <metrics statements="4" coveredstatements="2" conditionals="0" coveredconditionals="0" methods="2" coveredmethods="0"/>
        <line num="5" count="3" type="stmt"/>
        <line num="9" count="0" type="stmt"/>
        <line num="10" count="0" type="stmt"/>
        <line num="14" count="3" type="stmt"/>
      </file>
      <file name="swaggerConfig.js" path="C:\Users\Fausto\Desktop\2DAW\EntornoServidor\DAWES\SegundoTrimestre\proyectoFootTrading\backend\src\services\swaggerConfig.js">
        <metrics statements="2" coveredstatements="2" conditionals="0" coveredconditionals="0" methods="0" coveredmethods="0"/>
        <line num="4" count="3" type="stmt"/>
        <line num="21" count="3" type="stmt"/>
      </file>
    </package>
  </project>
</coverage>
