{"C:\\Users\\Fausto\\Desktop\\2DAW\\EntornoServidor\\FOOTBALLTRADING\\backend\\src\\controllers\\authController.js": {"path":"C:\\Users\\Fausto\\Desktop\\2DAW\\EntornoServidor\\FOOTBALLTRADING\\backend\\src\\controllers\\authController.js","statementMap":{"0":{"start":{"line":4,"column":37},"end":{"line":21,"column":1}},"1":{"start":{"line":5,"column":18},"end":{"line":5,"column":58}},"2":{"start":{"line":6,"column":4},"end":{"line":8,"column":5}},"3":{"start":{"line":7,"column":8},"end":{"line":7,"column":75}},"4":{"start":{"line":10,"column":4},"end":{"line":20,"column":5}},"5":{"start":{"line":11,"column":24},"end":{"line":11,"column":65}},"6":{"start":{"line":12,"column":21},"end":{"line":12,"column":52}},"7":{"start":{"line":13,"column":8},"end":{"line":15,"column":9}},"8":{"start":{"line":14,"column":12},"end":{"line":14,"column":78}},"9":{"start":{"line":16,"column":8},"end":{"line":16,"column":39}},"10":{"start":{"line":18,"column":8},"end":{"line":18,"column":61}},"11":{"start":{"line":19,"column":8},"end":{"line":19,"column":60}}},"fnMap":{"0":{"name":"(anonymous_0)","decl":{"start":{"line":4,"column":37},"end":{"line":4,"column":38}},"loc":{"start":{"line":4,"column":57},"end":{"line":21,"column":1}},"line":4}},"branchMap":{"0":{"loc":{"start":{"line":6,"column":4},"end":{"line":8,"column":5}},"type":"if","locations":[{"start":{"line":6,"column":4},"end":{"line":8,"column":5}},{"start":{},"end":{}}],"line":6},"1":{"loc":{"start":{"line":13,"column":8},"end":{"line":15,"column":9}},"type":"if","locations":[{"start":{"line":13,"column":8},"end":{"line":15,"column":9}},{"start":{},"end":{}}],"line":13}},"s":{"0":0,"1":0,"2":0,"3":0,"4":0,"5":0,"6":0,"7":0,"8":0,"9":0,"10":0,"11":0},"f":{"0":0},"b":{"0":[0,0],"1":[0,0]}}
,"C:\\Users\\Fausto\\Desktop\\2DAW\\EntornoServidor\\FOOTBALLTRADING\\backend\\src\\controllers\\passwordController.js": {"path":"C:\\Users\\Fausto\\Desktop\\2DAW\\EntornoServidor\\FOOTBALLTRADING\\backend\\src\\controllers\\passwordController.js","statementMap":{"0":{"start":{"line":6,"column":0},"end":{"line":6,"column":16}},"1":{"start":{"line":7,"column":20},"end":{"line":13,"column":2}},"2":{"start":{"line":15,"column":38},"end":{"line":48,"column":1}},"3":{"start":{"line":16,"column":22},"end":{"line":16,"column":30}},"4":{"start":{"line":18,"column":4},"end":{"line":47,"column":5}},"5":{"start":{"line":20,"column":21},"end":{"line":20,"column":50}},"6":{"start":{"line":21,"column":8},"end":{"line":23,"column":9}},"7":{"start":{"line":22,"column":12},"end":{"line":22,"column":97}},"8":{"start":{"line":26,"column":27},"end":{"line":26,"column":65}},"9":{"start":{"line":27,"column":8},"end":{"line":27,"column":37}},"10":{"start":{"line":28,"column":8},"end":{"line":28,"column":57}},"11":{"start":{"line":29,"column":8},"end":{"line":29,"column":26}},"12":{"start":{"line":31,"column":26},"end":{"line":31,"column":91}},"13":{"start":{"line":34,"column":28},"end":{"line":40,"column":9}},"14":{"start":{"line":42,"column":8},"end":{"line":42,"column":48}},"15":{"start":{"line":43,"column":8},"end":{"line":43,"column":73}},"16":{"start":{"line":45,"column":8},"end":{"line":45,"column":59}},"17":{"start":{"line":46,"column":8},"end":{"line":46,"column":71}},"18":{"start":{"line":50,"column":29},"end":{"line":73,"column":1}},"19":{"start":{"line":51,"column":35},"end":{"line":51,"column":43}},"20":{"start":{"line":53,"column":4},"end":{"line":72,"column":5}},"21":{"start":{"line":54,"column":21},"end":{"line":57,"column":10}},"22":{"start":{"line":59,"column":8},"end":{"line":61,"column":9}},"23":{"start":{"line":60,"column":12},"end":{"line":60,"column":82}},"24":{"start":{"line":63,"column":8},"end":{"line":63,"column":59}},"25":{"start":{"line":64,"column":8},"end":{"line":64,"column":36}},"26":{"start":{"line":65,"column":8},"end":{"line":65,"column":46}},"27":{"start":{"line":66,"column":8},"end":{"line":66,"column":26}},"28":{"start":{"line":68,"column":8},"end":{"line":68,"column":81}},"29":{"start":{"line":70,"column":8},"end":{"line":70,"column":67}},"30":{"start":{"line":71,"column":8},"end":{"line":71,"column":79}}},"fnMap":{"0":{"name":"(anonymous_0)","decl":{"start":{"line":15,"column":38},"end":{"line":15,"column":39}},"loc":{"start":{"line":15,"column":58},"end":{"line":48,"column":1}},"line":15},"1":{"name":"(anonymous_1)","decl":{"start":{"line":50,"column":29},"end":{"line":50,"column":30}},"loc":{"start":{"line":50,"column":49},"end":{"line":73,"column":1}},"line":50}},"branchMap":{"0":{"loc":{"start":{"line":21,"column":8},"end":{"line":23,"column":9}},"type":"if","locations":[{"start":{"line":21,"column":8},"end":{"line":23,"column":9}},{"start":{},"end":{}}],"line":21},"1":{"loc":{"start":{"line":59,"column":8},"end":{"line":61,"column":9}},"type":"if","locations":[{"start":{"line":59,"column":8},"end":{"line":61,"column":9}},{"start":{},"end":{}}],"line":59}},"s":{"0":5,"1":5,"2":5,"3":1,"4":1,"5":1,"6":0,"7":0,"8":0,"9":0,"10":0,"11":0,"12":0,"13":0,"14":0,"15":0,"16":0,"17":0,"18":5,"19":1,"20":1,"21":1,"22":0,"23":0,"24":0,"25":0,"26":0,"27":0,"28":0,"29":0,"30":0},"f":{"0":1,"1":1},"b":{"0":[0,0],"1":[0,0]},"_coverageSchema":"1a1c01bbd47fc00a2c39e90264f33305004495a9","hash":"6ee3f33bc9cb8808f996426a5c1f11f3921d57b6"}
,"C:\\Users\\Fausto\\Desktop\\2DAW\\EntornoServidor\\FOOTBALLTRADING\\backend\\src\\controllers\\paymentController.js": {"path":"C:\\Users\\Fausto\\Desktop\\2DAW\\EntornoServidor\\FOOTBALLTRADING\\backend\\src\\controllers\\paymentController.js","statementMap":{"0":{"start":{"line":4,"column":15},"end":{"line":4,"column":56}},"1":{"start":{"line":6,"column":35},"end":{"line":25,"column":1}},"2":{"start":{"line":7,"column":26},"end":{"line":7,"column":34}},"3":{"start":{"line":9,"column":4},"end":{"line":24,"column":5}},"4":{"start":{"line":11,"column":28},"end":{"line":11,"column":101}},"5":{"start":{"line":11,"column":62},"end":{"line":11,"column":97}},"6":{"start":{"line":14,"column":30},"end":{"line":18,"column":10}},"7":{"start":{"line":20,"column":8},"end":{"line":20,"column":76}},"8":{"start":{"line":22,"column":8},"end":{"line":22,"column":62}},"9":{"start":{"line":23,"column":8},"end":{"line":23,"column":96}},"10":{"start":{"line":27,"column":36},"end":{"line":40,"column":1}},"11":{"start":{"line":28,"column":26},"end":{"line":28,"column":34}},"12":{"start":{"line":30,"column":4},"end":{"line":39,"column":5}},"13":{"start":{"line":32,"column":27},"end":{"line":32,"column":58}},"14":{"start":{"line":32,"column":49},"end":{"line":32,"column":57}},"15":{"start":{"line":33,"column":8},"end":{"line":33,"column":63}},"16":{"start":{"line":35,"column":8},"end":{"line":35,"column":79}},"17":{"start":{"line":37,"column":8},"end":{"line":37,"column":61}},"18":{"start":{"line":38,"column":8},"end":{"line":38,"column":95}}},"fnMap":{"0":{"name":"(anonymous_0)","decl":{"start":{"line":6,"column":35},"end":{"line":6,"column":36}},"loc":{"start":{"line":6,"column":55},"end":{"line":25,"column":1}},"line":6},"1":{"name":"(anonymous_1)","decl":{"start":{"line":11,"column":45},"end":{"line":11,"column":46}},"loc":{"start":{"line":11,"column":62},"end":{"line":11,"column":97}},"line":11},"2":{"name":"(anonymous_2)","decl":{"start":{"line":27,"column":36},"end":{"line":27,"column":37}},"loc":{"start":{"line":27,"column":56},"end":{"line":40,"column":1}},"line":27},"3":{"name":"(anonymous_3)","decl":{"start":{"line":32,"column":41},"end":{"line":32,"column":42}},"loc":{"start":{"line":32,"column":49},"end":{"line":32,"column":57}},"line":32}},"branchMap":{},"s":{"0":5,"1":5,"2":1,"3":1,"4":1,"5":0,"6":0,"7":0,"8":1,"9":1,"10":5,"11":0,"12":0,"13":0,"14":0,"15":0,"16":0,"17":0,"18":0},"f":{"0":1,"1":0,"2":0,"3":0},"b":{},"_coverageSchema":"1a1c01bbd47fc00a2c39e90264f33305004495a9","hash":"cb824d3c996d357bda5f45c87d24d1fdbdb7906d"}
,"C:\\Users\\Fausto\\Desktop\\2DAW\\EntornoServidor\\FOOTBALLTRADING\\backend\\src\\controllers\\productController.js": {"path":"C:\\Users\\Fausto\\Desktop\\2DAW\\EntornoServidor\\FOOTBALLTRADING\\backend\\src\\controllers\\productController.js","statementMap":{"0":{"start":{"line":2,"column":39},"end":{"line":27,"column":1}},"1":{"start":{"line":3,"column":93},"end":{"line":3,"column":101}},"2":{"start":{"line":4,"column":22},"end":{"line":4,"column":53}},"3":{"start":{"line":5,"column":4},"end":{"line":26,"column":5}},"4":{"start":{"line":7,"column":33},"end":{"line":7,"column":82}},"5":{"start":{"line":7,"column":67},"end":{"line":7,"column":76}},"6":{"start":{"line":8,"column":8},"end":{"line":8,"column":151}},"7":{"start":{"line":10,"column":8},"end":{"line":18,"column":9}},"8":{"start":{"line":11,"column":12},"end":{"line":11,"column":124}},"9":{"start":{"line":12,"column":15},"end":{"line":18,"column":9}},"10":{"start":{"line":13,"column":12},"end":{"line":13,"column":122}},"11":{"start":{"line":14,"column":15},"end":{"line":18,"column":9}},"12":{"start":{"line":15,"column":12},"end":{"line":15,"column":112}},"13":{"start":{"line":17,"column":12},"end":{"line":17,"column":83}},"14":{"start":{"line":20,"column":8},"end":{"line":20,"column":32}},"15":{"start":{"line":22,"column":8},"end":{"line":22,"column":95}},"16":{"start":{"line":24,"column":8},"end":{"line":24,"column":60}},"17":{"start":{"line":25,"column":8},"end":{"line":25,"column":94}},"18":{"start":{"line":28,"column":39},"end":{"line":43,"column":1}},"19":{"start":{"line":29,"column":19},"end":{"line":29,"column":29}},"20":{"start":{"line":31,"column":4},"end":{"line":42,"column":5}},"21":{"start":{"line":33,"column":31},"end":{"line":33,"column":66}},"22":{"start":{"line":35,"column":8},"end":{"line":37,"column":9}},"23":{"start":{"line":36,"column":12},"end":{"line":36,"column":79}},"24":{"start":{"line":39,"column":8},"end":{"line":39,"column":100}},"25":{"start":{"line":41,"column":8},"end":{"line":41,"column":95}},"26":{"start":{"line":44,"column":39},"end":{"line":68,"column":1}},"27":{"start":{"line":45,"column":19},"end":{"line":45,"column":29}},"28":{"start":{"line":46,"column":111},"end":{"line":46,"column":119}},"29":{"start":{"line":48,"column":4},"end":{"line":67,"column":5}},"30":{"start":{"line":50,"column":8},"end":{"line":58,"column":9}},"31":{"start":{"line":51,"column":12},"end":{"line":51,"column":135}},"32":{"start":{"line":52,"column":15},"end":{"line":58,"column":9}},"33":{"start":{"line":53,"column":12},"end":{"line":53,"column":154}},"34":{"start":{"line":54,"column":15},"end":{"line":58,"column":9}},"35":{"start":{"line":55,"column":12},"end":{"line":55,"column":144}},"36":{"start":{"line":57,"column":12},"end":{"line":57,"column":131}},"37":{"start":{"line":60,"column":8},"end":{"line":62,"column":9}},"38":{"start":{"line":61,"column":12},"end":{"line":61,"column":79}},"39":{"start":{"line":64,"column":8},"end":{"line":64,"column":104}},"40":{"start":{"line":66,"column":8},"end":{"line":66,"column":99}},"41":{"start":{"line":69,"column":37},"end":{"line":80,"column":1}},"42":{"start":{"line":70,"column":4},"end":{"line":79,"column":5}},"43":{"start":{"line":71,"column":25},"end":{"line":71,"column":45}},"44":{"start":{"line":72,"column":8},"end":{"line":74,"column":9}},"45":{"start":{"line":73,"column":12},"end":{"line":73,"column":84}},"46":{"start":{"line":75,"column":8},"end":{"line":75,"column":39}},"47":{"start":{"line":77,"column":8},"end":{"line":77,"column":64}},"48":{"start":{"line":78,"column":8},"end":{"line":78,"column":98}}},"fnMap":{"0":{"name":"(anonymous_0)","decl":{"start":{"line":2,"column":39},"end":{"line":2,"column":40}},"loc":{"start":{"line":2,"column":59},"end":{"line":27,"column":1}},"line":2},"1":{"name":"(anonymous_1)","decl":{"start":{"line":7,"column":59},"end":{"line":7,"column":60}},"loc":{"start":{"line":7,"column":67},"end":{"line":7,"column":76}},"line":7},"2":{"name":"(anonymous_2)","decl":{"start":{"line":28,"column":39},"end":{"line":28,"column":40}},"loc":{"start":{"line":28,"column":59},"end":{"line":43,"column":1}},"line":28},"3":{"name":"(anonymous_3)","decl":{"start":{"line":44,"column":39},"end":{"line":44,"column":40}},"loc":{"start":{"line":44,"column":59},"end":{"line":68,"column":1}},"line":44},"4":{"name":"(anonymous_4)","decl":{"start":{"line":69,"column":37},"end":{"line":69,"column":38}},"loc":{"start":{"line":69,"column":57},"end":{"line":80,"column":1}},"line":69}},"branchMap":{"0":{"loc":{"start":{"line":4,"column":22},"end":{"line":4,"column":53}},"type":"binary-expr","locations":[{"start":{"line":4,"column":22},"end":{"line":4,"column":40}},{"start":{"line":4,"column":44},"end":{"line":4,"column":53}}],"line":4},"1":{"loc":{"start":{"line":7,"column":33},"end":{"line":7,"column":82}},"type":"cond-expr","locations":[{"start":{"line":7,"column":45},"end":{"line":7,"column":77}},{"start":{"line":7,"column":80},"end":{"line":7,"column":82}}],"line":7},"2":{"loc":{"start":{"line":10,"column":8},"end":{"line":18,"column":9}},"type":"if","locations":[{"start":{"line":10,"column":8},"end":{"line":18,"column":9}},{"start":{"line":12,"column":15},"end":{"line":18,"column":9}}],"line":10},"3":{"loc":{"start":{"line":12,"column":15},"end":{"line":18,"column":9}},"type":"if","locations":[{"start":{"line":12,"column":15},"end":{"line":18,"column":9}},{"start":{"line":14,"column":15},"end":{"line":18,"column":9}}],"line":12},"4":{"loc":{"start":{"line":14,"column":15},"end":{"line":18,"column":9}},"type":"if","locations":[{"start":{"line":14,"column":15},"end":{"line":18,"column":9}},{"start":{"line":16,"column":15},"end":{"line":18,"column":9}}],"line":14},"5":{"loc":{"start":{"line":35,"column":8},"end":{"line":37,"column":9}},"type":"if","locations":[{"start":{"line":35,"column":8},"end":{"line":37,"column":9}},{"start":{},"end":{}}],"line":35},"6":{"loc":{"start":{"line":50,"column":8},"end":{"line":58,"column":9}},"type":"if","locations":[{"start":{"line":50,"column":8},"end":{"line":58,"column":9}},{"start":{"line":52,"column":15},"end":{"line":58,"column":9}}],"line":50},"7":{"loc":{"start":{"line":52,"column":15},"end":{"line":58,"column":9}},"type":"if","locations":[{"start":{"line":52,"column":15},"end":{"line":58,"column":9}},{"start":{"line":54,"column":15},"end":{"line":58,"column":9}}],"line":52},"8":{"loc":{"start":{"line":54,"column":15},"end":{"line":58,"column":9}},"type":"if","locations":[{"start":{"line":54,"column":15},"end":{"line":58,"column":9}},{"start":{"line":56,"column":15},"end":{"line":58,"column":9}}],"line":54},"9":{"loc":{"start":{"line":60,"column":8},"end":{"line":62,"column":9}},"type":"if","locations":[{"start":{"line":60,"column":8},"end":{"line":62,"column":9}},{"start":{},"end":{}}],"line":60},"10":{"loc":{"start":{"line":72,"column":8},"end":{"line":74,"column":9}},"type":"if","locations":[{"start":{"line":72,"column":8},"end":{"line":74,"column":9}},{"start":{},"end":{}}],"line":72}},"s":{"0":5,"1":3,"2":3,"3":3,"4":3,"5":0,"6":3,"7":3,"8":0,"9":3,"10":2,"11":1,"12":0,"13":1,"14":2,"15":2,"16":0,"17":0,"18":5,"19":1,"20":1,"21":1,"22":1,"23":0,"24":1,"25":0,"26":5,"27":1,"28":1,"29":1,"30":1,"31":0,"32":1,"33":0,"34":1,"35":0,"36":1,"37":1,"38":0,"39":1,"40":0,"41":5,"42":0,"43":0,"44":0,"45":0,"46":0,"47":0,"48":0},"f":{"0":3,"1":0,"2":1,"3":1,"4":0},"b":{"0":[3,0],"1":[0,3],"2":[0,3],"3":[2,1],"4":[0,1],"5":[0,1],"6":[0,1],"7":[0,1],"8":[0,1],"9":[0,1],"10":[0,0]},"_coverageSchema":"1a1c01bbd47fc00a2c39e90264f33305004495a9","hash":"914d0eab3234d87cd2cb8c4334fe03fa7c84ce25"}
,"C:\\Users\\Fausto\\Desktop\\2DAW\\EntornoServidor\\FOOTBALLTRADING\\backend\\src\\controllers\\userController.js": {"path":"C:\\Users\\Fausto\\Desktop\\2DAW\\EntornoServidor\\FOOTBALLTRADING\\backend\\src\\controllers\\userController.js","statementMap":{"0":{"start":{"line":5,"column":18},"end":{"line":5,"column":61}},"1":{"start":{"line":7,"column":36},"end":{"line":39,"column":1}},"2":{"start":{"line":8,"column":83},"end":{"line":8,"column":91}},"3":{"start":{"line":10,"column":4},"end":{"line":38,"column":5}},"4":{"start":{"line":12,"column":29},"end":{"line":12,"column":128}},"5":{"start":{"line":13,"column":8},"end":{"line":15,"column":9}},"6":{"start":{"line":14,"column":12},"end":{"line":14,"column":117}},"7":{"start":{"line":18,"column":31},"end":{"line":18,"column":62}},"8":{"start":{"line":21,"column":24},"end":{"line":29,"column":10}},"9":{"start":{"line":32,"column":8},"end":{"line":32,"column":29}},"10":{"start":{"line":34,"column":8},"end":{"line":34,"column":88}},"11":{"start":{"line":36,"column":8},"end":{"line":36,"column":59}},"12":{"start":{"line":37,"column":8},"end":{"line":37,"column":93}},"13":{"start":{"line":41,"column":35},"end":{"line":65,"column":1}},"14":{"start":{"line":42,"column":35},"end":{"line":42,"column":43}},"15":{"start":{"line":44,"column":4},"end":{"line":64,"column":5}},"16":{"start":{"line":46,"column":21},"end":{"line":46,"column":77}},"17":{"start":{"line":47,"column":8},"end":{"line":49,"column":9}},"18":{"start":{"line":48,"column":12},"end":{"line":48,"column":99}},"19":{"start":{"line":52,"column":24},"end":{"line":52,"column":69}},"20":{"start":{"line":53,"column":8},"end":{"line":55,"column":9}},"21":{"start":{"line":54,"column":12},"end":{"line":54,"column":99}},"22":{"start":{"line":58,"column":22},"end":{"line":58,"column":105}},"23":{"start":{"line":60,"column":8},"end":{"line":60,"column":112}},"24":{"start":{"line":62,"column":8},"end":{"line":62,"column":57}},"25":{"start":{"line":63,"column":8},"end":{"line":63,"column":91}},"26":{"start":{"line":67,"column":40},"end":{"line":82,"column":1}},"27":{"start":{"line":68,"column":25},"end":{"line":68,"column":34}},"28":{"start":{"line":70,"column":4},"end":{"line":81,"column":5}},"29":{"start":{"line":71,"column":21},"end":{"line":71,"column":106}},"30":{"start":{"line":73,"column":8},"end":{"line":75,"column":9}},"31":{"start":{"line":74,"column":12},"end":{"line":74,"column":78}},"32":{"start":{"line":77,"column":8},"end":{"line":77,"column":35}},"33":{"start":{"line":79,"column":8},"end":{"line":79,"column":72}},"34":{"start":{"line":80,"column":8},"end":{"line":80,"column":106}},"35":{"start":{"line":84,"column":36},"end":{"line":99,"column":1}},"36":{"start":{"line":85,"column":19},"end":{"line":85,"column":29}},"37":{"start":{"line":87,"column":4},"end":{"line":98,"column":5}},"38":{"start":{"line":89,"column":28},"end":{"line":89,"column":60}},"39":{"start":{"line":91,"column":8},"end":{"line":93,"column":9}},"40":{"start":{"line":92,"column":12},"end":{"line":92,"column":78}},"41":{"start":{"line":95,"column":8},"end":{"line":95,"column":93}},"42":{"start":{"line":97,"column":8},"end":{"line":97,"column":94}},"43":{"start":{"line":101,"column":36},"end":{"line":117,"column":1}},"44":{"start":{"line":102,"column":43},"end":{"line":102,"column":51}},"45":{"start":{"line":103,"column":19},"end":{"line":103,"column":29}},"46":{"start":{"line":104,"column":4},"end":{"line":116,"column":5}},"47":{"start":{"line":105,"column":21},"end":{"line":105,"column":82}},"48":{"start":{"line":107,"column":8},"end":{"line":109,"column":9}},"49":{"start":{"line":108,"column":12},"end":{"line":108,"column":78}},"50":{"start":{"line":112,"column":8},"end":{"line":112,"column":83}},"51":{"start":{"line":114,"column":8},"end":{"line":114,"column":75}},"52":{"start":{"line":115,"column":8},"end":{"line":115,"column":97}}},"fnMap":{"0":{"name":"(anonymous_0)","decl":{"start":{"line":7,"column":36},"end":{"line":7,"column":37}},"loc":{"start":{"line":7,"column":56},"end":{"line":39,"column":1}},"line":7},"1":{"name":"(anonymous_1)","decl":{"start":{"line":41,"column":35},"end":{"line":41,"column":36}},"loc":{"start":{"line":41,"column":55},"end":{"line":65,"column":1}},"line":41},"2":{"name":"(anonymous_2)","decl":{"start":{"line":67,"column":40},"end":{"line":67,"column":41}},"loc":{"start":{"line":67,"column":60},"end":{"line":82,"column":1}},"line":67},"3":{"name":"(anonymous_3)","decl":{"start":{"line":84,"column":36},"end":{"line":84,"column":37}},"loc":{"start":{"line":84,"column":56},"end":{"line":99,"column":1}},"line":84},"4":{"name":"(anonymous_4)","decl":{"start":{"line":101,"column":36},"end":{"line":101,"column":37}},"loc":{"start":{"line":101,"column":56},"end":{"line":117,"column":1}},"line":101}},"branchMap":{"0":{"loc":{"start":{"line":5,"column":18},"end":{"line":5,"column":61}},"type":"binary-expr","locations":[{"start":{"line":5,"column":18},"end":{"line":5,"column":40}},{"start":{"line":5,"column":44},"end":{"line":5,"column":61}}],"line":5},"1":{"loc":{"start":{"line":13,"column":8},"end":{"line":15,"column":9}},"type":"if","locations":[{"start":{"line":13,"column":8},"end":{"line":15,"column":9}},{"start":{},"end":{}}],"line":13},"2":{"loc":{"start":{"line":47,"column":8},"end":{"line":49,"column":9}},"type":"if","locations":[{"start":{"line":47,"column":8},"end":{"line":49,"column":9}},{"start":{},"end":{}}],"line":47},"3":{"loc":{"start":{"line":53,"column":8},"end":{"line":55,"column":9}},"type":"if","locations":[{"start":{"line":53,"column":8},"end":{"line":55,"column":9}},{"start":{},"end":{}}],"line":53},"4":{"loc":{"start":{"line":73,"column":8},"end":{"line":75,"column":9}},"type":"if","locations":[{"start":{"line":73,"column":8},"end":{"line":75,"column":9}},{"start":{},"end":{}}],"line":73},"5":{"loc":{"start":{"line":91,"column":8},"end":{"line":93,"column":9}},"type":"if","locations":[{"start":{"line":91,"column":8},"end":{"line":93,"column":9}},{"start":{},"end":{}}],"line":91},"6":{"loc":{"start":{"line":107,"column":8},"end":{"line":109,"column":9}},"type":"if","locations":[{"start":{"line":107,"column":8},"end":{"line":109,"column":9}},{"start":{},"end":{}}],"line":107}},"s":{"0":5,"1":5,"2":1,"3":1,"4":1,"5":1,"6":0,"7":1,"8":1,"9":1,"10":1,"11":0,"12":0,"13":5,"14":4,"15":4,"16":4,"17":4,"18":0,"19":4,"20":4,"21":0,"22":4,"23":4,"24":0,"25":0,"26":5,"27":1,"28":1,"29":1,"30":1,"31":0,"32":1,"33":0,"34":0,"35":5,"36":1,"37":1,"38":1,"39":1,"40":0,"41":1,"42":0,"43":5,"44":0,"45":0,"46":0,"47":0,"48":0,"49":0,"50":0,"51":0,"52":0},"f":{"0":1,"1":4,"2":1,"3":1,"4":0},"b":{"0":[5,0],"1":[0,1],"2":[0,4],"3":[0,4],"4":[0,1],"5":[0,1],"6":[0,0]},"_coverageSchema":"1a1c01bbd47fc00a2c39e90264f33305004495a9","hash":"a0835ab8cdd6a3b0a3d2b0bb2f7fa4a445f4080a"}
,"C:\\Users\\Fausto\\Desktop\\2DAW\\EntornoServidor\\FOOTBALLTRADING\\backend\\src\\loaders\\express.js": {"path":"C:\\Users\\Fausto\\Desktop\\2DAW\\EntornoServidor\\FOOTBALLTRADING\\backend\\src\\loaders\\express.js","statementMap":{"0":{"start":{"line":6,"column":19},"end":{"line":6,"column":77}},"1":{"start":{"line":7,"column":18},"end":{"line":7,"column":42}},"2":{"start":{"line":10,"column":4},"end":{"line":10,"column":28}},"3":{"start":{"line":11,"column":4},"end":{"line":11,"column":52}},"4":{"start":{"line":13,"column":24},"end":{"line":18,"column":5}},"5":{"start":{"line":19,"column":4},"end":{"line":19,"column":31}},"6":{"start":{"line":22,"column":4},"end":{"line":22,"column":28}},"7":{"start":{"line":25,"column":4},"end":{"line":25,"column":38}},"8":{"start":{"line":28,"column":4},"end":{"line":31,"column":7}},"9":{"start":{"line":29,"column":8},"end":{"line":29,"column":33}},"10":{"start":{"line":30,"column":8},"end":{"line":30,"column":49}}},"fnMap":{"0":{"name":"(anonymous_0)","decl":{"start":{"line":9,"column":15},"end":{"line":9,"column":16}},"loc":{"start":{"line":9,"column":24},"end":{"line":32,"column":1}},"line":9},"1":{"name":"(anonymous_1)","decl":{"start":{"line":28,"column":12},"end":{"line":28,"column":13}},"loc":{"start":{"line":28,"column":37},"end":{"line":31,"column":5}},"line":28}},"branchMap":{},"s":{"0":5,"1":5,"2":5,"3":5,"4":5,"5":5,"6":5,"7":5,"8":5,"9":0,"10":0},"f":{"0":5,"1":0},"b":{},"_coverageSchema":"1a1c01bbd47fc00a2c39e90264f33305004495a9","hash":"976b0976a023520a259c75604f09c3291588d206"}
,"C:\\Users\\Fausto\\Desktop\\2DAW\\EntornoServidor\\FOOTBALLTRADING\\backend\\src\\loaders\\index.js": {"path":"C:\\Users\\Fausto\\Desktop\\2DAW\\EntornoServidor\\FOOTBALLTRADING\\backend\\src\\loaders\\index.js","statementMap":{"0":{"start":{"line":4,"column":8},"end":{"line":4,"column":43}}},"fnMap":{"0":{"name":"(anonymous_0)","decl":{"start":{"line":2,"column":10},"end":{"line":2,"column":11}},"loc":{"start":{"line":2,"column":19},"end":{"line":5,"column":5}},"line":2}},"branchMap":{},"s":{"0":5},"f":{"0":5},"b":{},"_coverageSchema":"1a1c01bbd47fc00a2c39e90264f33305004495a9","hash":"a094a6f4317c89c66a12192863ed6a84ef486612"}
,"C:\\Users\\Fausto\\Desktop\\2DAW\\EntornoServidor\\FOOTBALLTRADING\\backend\\src\\loaders\\mongo.js": {"path":"C:\\Users\\Fausto\\Desktop\\2DAW\\EntornoServidor\\FOOTBALLTRADING\\backend\\src\\loaders\\mongo.js","statementMap":{"0":{"start":{"line":3,"column":18},"end":{"line":14,"column":1}},"1":{"start":{"line":4,"column":4},"end":{"line":4,"column":44}},"2":{"start":{"line":5,"column":4},"end":{"line":13,"column":5}},"3":{"start":{"line":6,"column":8},"end":{"line":8,"column":11}},"4":{"start":{"line":9,"column":8},"end":{"line":9,"column":44}},"5":{"start":{"line":11,"column":8},"end":{"line":11,"column":69}},"6":{"start":{"line":12,"column":8},"end":{"line":12,"column":24}}},"fnMap":{"0":{"name":"(anonymous_0)","decl":{"start":{"line":3,"column":18},"end":{"line":3,"column":19}},"loc":{"start":{"line":3,"column":30},"end":{"line":14,"column":1}},"line":3}},"branchMap":{},"s":{"0":2,"1":2,"2":2,"3":2,"4":2,"5":0,"6":0},"f":{"0":2},"b":{},"_coverageSchema":"1a1c01bbd47fc00a2c39e90264f33305004495a9","hash":"d7d5edce93b55be727e80ddf70aef923c3d01e18"}
,"C:\\Users\\Fausto\\Desktop\\2DAW\\EntornoServidor\\FOOTBALLTRADING\\backend\\src\\middleware\\authMiddleware.js": {"path":"C:\\Users\\Fausto\\Desktop\\2DAW\\EntornoServidor\\FOOTBALLTRADING\\backend\\src\\middleware\\authMiddleware.js","statementMap":{"0":{"start":{"line":4,"column":18},"end":{"line":4,"column":61}},"1":{"start":{"line":6,"column":23},"end":{"line":26,"column":1}},"2":{"start":{"line":7,"column":18},"end":{"line":7,"column":58}},"3":{"start":{"line":9,"column":4},"end":{"line":11,"column":5}},"4":{"start":{"line":10,"column":8},"end":{"line":10,"column":70}},"5":{"start":{"line":13,"column":4},"end":{"line":25,"column":5}},"6":{"start":{"line":14,"column":24},"end":{"line":14,"column":52}},"7":{"start":{"line":15,"column":21},"end":{"line":15,"column":52}},"8":{"start":{"line":17,"column":8},"end":{"line":19,"column":9}},"9":{"start":{"line":18,"column":12},"end":{"line":18,"column":71}},"10":{"start":{"line":21,"column":8},"end":{"line":21,"column":24}},"11":{"start":{"line":22,"column":8},"end":{"line":22,"column":15}},"12":{"start":{"line":24,"column":8},"end":{"line":24,"column":77}}},"fnMap":{"0":{"name":"(anonymous_0)","decl":{"start":{"line":6,"column":23},"end":{"line":6,"column":24}},"loc":{"start":{"line":6,"column":49},"end":{"line":26,"column":1}},"line":6}},"branchMap":{"0":{"loc":{"start":{"line":4,"column":18},"end":{"line":4,"column":61}},"type":"binary-expr","locations":[{"start":{"line":4,"column":18},"end":{"line":4,"column":40}},{"start":{"line":4,"column":44},"end":{"line":4,"column":61}}],"line":4},"1":{"loc":{"start":{"line":9,"column":4},"end":{"line":11,"column":5}},"type":"if","locations":[{"start":{"line":9,"column":4},"end":{"line":11,"column":5}},{"start":{},"end":{}}],"line":9},"2":{"loc":{"start":{"line":17,"column":8},"end":{"line":19,"column":9}},"type":"if","locations":[{"start":{"line":17,"column":8},"end":{"line":19,"column":9}},{"start":{},"end":{}}],"line":17}},"s":{"0":6,"1":6,"2":6,"3":6,"4":1,"5":5,"6":5,"7":4,"8":4,"9":0,"10":4,"11":4,"12":1},"f":{"0":6},"b":{"0":[6,1],"1":[1,5],"2":[0,4]},"_coverageSchema":"1a1c01bbd47fc00a2c39e90264f33305004495a9","hash":"05713e612133f68a1fdcccbfbdb8df7c79dbacc9"}
,"C:\\Users\\Fausto\\Desktop\\2DAW\\EntornoServidor\\FOOTBALLTRADING\\backend\\src\\middleware\\errorHandlerMiddleware.js": {"path":"C:\\Users\\Fausto\\Desktop\\2DAW\\EntornoServidor\\FOOTBALLTRADING\\backend\\src\\middleware\\errorHandlerMiddleware.js","statementMap":{"0":{"start":{"line":1,"column":31},"end":{"line":4,"column":3}},"1":{"start":{"line":2,"column":4},"end":{"line":2,"column":29}},"2":{"start":{"line":3,"column":4},"end":{"line":3,"column":78}}},"fnMap":{"0":{"name":"(anonymous_0)","decl":{"start":{"line":1,"column":31},"end":{"line":1,"column":32}},"loc":{"start":{"line":1,"column":56},"end":{"line":4,"column":3}},"line":1}},"branchMap":{},"s":{"0":1,"1":2,"2":2},"f":{"0":2},"b":{},"_coverageSchema":"1a1c01bbd47fc00a2c39e90264f33305004495a9","hash":"0e034d8a97898f70038c02e3b58d09121b6d8f20"}
,"C:\\Users\\Fausto\\Desktop\\2DAW\\EntornoServidor\\FOOTBALLTRADING\\backend\\src\\models\\product.js": {"path":"C:\\Users\\Fausto\\Desktop\\2DAW\\EntornoServidor\\FOOTBALLTRADING\\backend\\src\\models\\product.js","statementMap":{"0":{"start":{"line":49,"column":22},"end":{"line":76,"column":32}},"1":{"start":{"line":78,"column":16},"end":{"line":78,"column":56}},"2":{"start":{"line":81,"column":13},"end":{"line":86,"column":3}},"3":{"start":{"line":89,"column":14},"end":{"line":94,"column":3}},"4":{"start":{"line":97,"column":18},"end":{"line":103,"column":3}}},"fnMap":{},"branchMap":{},"s":{"0":5,"1":5,"2":5,"3":5,"4":5},"f":{},"b":{},"_coverageSchema":"1a1c01bbd47fc00a2c39e90264f33305004495a9","hash":"cbf16bfbf5014a38b88109ab1440e781051257e7"}
,"C:\\Users\\Fausto\\Desktop\\2DAW\\EntornoServidor\\FOOTBALLTRADING\\backend\\src\\models\\user.js": {"path":"C:\\Users\\Fausto\\Desktop\\2DAW\\EntornoServidor\\FOOTBALLTRADING\\backend\\src\\models\\user.js","statementMap":{"0":{"start":{"line":48,"column":19},"end":{"line":58,"column":2}},"1":{"start":{"line":60,"column":13},"end":{"line":60,"column":47}}},"fnMap":{},"branchMap":{},"s":{"0":6,"1":6},"f":{},"b":{},"_coverageSchema":"1a1c01bbd47fc00a2c39e90264f33305004495a9","hash":"fc4ee24bb8da21fec68d35dc8a4e4c3b538217c4"}
,"C:\\Users\\Fausto\\Desktop\\2DAW\\EntornoServidor\\FOOTBALLTRADING\\backend\\src\\routes\\index.js": {"path":"C:\\Users\\Fausto\\Desktop\\2DAW\\EntornoServidor\\FOOTBALLTRADING\\backend\\src\\routes\\index.js","statementMap":{"0":{"start":{"line":10,"column":15},"end":{"line":10,"column":23}},"1":{"start":{"line":55,"column":0},"end":{"line":55,"column":44}},"2":{"start":{"line":96,"column":0},"end":{"line":96,"column":43}},"3":{"start":{"line":137,"column":0},"end":{"line":137,"column":55}},"4":{"start":{"line":139,"column":0},"end":{"line":139,"column":51}},"5":{"start":{"line":188,"column":0},"end":{"line":188,"column":110}},"6":{"start":{"line":208,"column":0},"end":{"line":215,"column":3}},"7":{"start":{"line":209,"column":4},"end":{"line":214,"column":5}},"8":{"start":{"line":210,"column":25},"end":{"line":210,"column":45}},"9":{"start":{"line":211,"column":8},"end":{"line":211,"column":39}},"10":{"start":{"line":213,"column":8},"end":{"line":213,"column":98}},"11":{"start":{"line":247,"column":0},"end":{"line":247,"column":50}},"12":{"start":{"line":279,"column":0},"end":{"line":279,"column":56}},"13":{"start":{"line":336,"column":0},"end":{"line":336,"column":53}},"14":{"start":{"line":378,"column":0},"end":{"line":378,"column":59}},"15":{"start":{"line":406,"column":0},"end":{"line":406,"column":54}},"16":{"start":{"line":408,"column":0},"end":{"line":408,"column":56}},"17":{"start":{"line":410,"column":0},"end":{"line":410,"column":46}}},"fnMap":{"0":{"name":"(anonymous_0)","decl":{"start":{"line":208,"column":24},"end":{"line":208,"column":25}},"loc":{"start":{"line":208,"column":44},"end":{"line":215,"column":1}},"line":208}},"branchMap":{},"s":{"0":5,"1":5,"2":5,"3":5,"4":5,"5":5,"6":5,"7":2,"8":2,"9":1,"10":1,"11":5,"12":5,"13":5,"14":5,"15":5,"16":5,"17":5},"f":{"0":2},"b":{},"_coverageSchema":"1a1c01bbd47fc00a2c39e90264f33305004495a9","hash":"24b7f27815a717c85f833a76a4a3dd1f5634cdfc"}
,"C:\\Users\\Fausto\\Desktop\\2DAW\\EntornoServidor\\FOOTBALLTRADING\\backend\\src\\routes\\userRoutes.js": {"path":"C:\\Users\\Fausto\\Desktop\\2DAW\\EntornoServidor\\FOOTBALLTRADING\\backend\\src\\routes\\userRoutes.js","statementMap":{"0":{"start":{"line":4,"column":15},"end":{"line":4,"column":31}},"1":{"start":{"line":6,"column":0},"end":{"line":6,"column":45}}},"fnMap":{},"branchMap":{},"s":{"0":0,"1":0},"f":{},"b":{}}
,"C:\\Users\\Fausto\\Desktop\\2DAW\\EntornoServidor\\FOOTBALLTRADING\\backend\\src\\services\\cloudinaryConfig.js": {"path":"C:\\Users\\Fausto\\Desktop\\2DAW\\EntornoServidor\\FOOTBALLTRADING\\backend\\src\\services\\cloudinaryConfig.js","statementMap":{"0":{"start":{"line":3,"column":0},"end":{"line":3,"column":16}},"1":{"start":{"line":6,"column":0},"end":{"line":10,"column":3}}},"fnMap":{},"branchMap":{},"s":{"0":6,"1":6},"f":{},"b":{},"_coverageSchema":"1a1c01bbd47fc00a2c39e90264f33305004495a9","hash":"0df7b2210bcf1fa67f0da82a94e8085e148a5b73"}
,"C:\\Users\\Fausto\\Desktop\\2DAW\\EntornoServidor\\FOOTBALLTRADING\\backend\\src\\services\\emailService.js": {"path":"C:\\Users\\Fausto\\Desktop\\2DAW\\EntornoServidor\\FOOTBALLTRADING\\backend\\src\\services\\emailService.js","statementMap":{"0":{"start":{"line":2,"column":0},"end":{"line":2,"column":16}},"1":{"start":{"line":6,"column":20},"end":{"line":12,"column":2}},"2":{"start":{"line":14,"column":37},"end":{"line":33,"column":1}},"3":{"start":{"line":15,"column":28},"end":{"line":15,"column":92}},"4":{"start":{"line":16,"column":24},"end":{"line":25,"column":5}},"5":{"start":{"line":27,"column":4},"end":{"line":32,"column":5}},"6":{"start":{"line":28,"column":8},"end":{"line":28,"column":48}},"7":{"start":{"line":29,"column":8},"end":{"line":29,"column":62}},"8":{"start":{"line":31,"column":8},"end":{"line":31,"column":59}}},"fnMap":{"0":{"name":"(anonymous_0)","decl":{"start":{"line":14,"column":37},"end":{"line":14,"column":38}},"loc":{"start":{"line":14,"column":58},"end":{"line":33,"column":1}},"line":14}},"branchMap":{},"s":{"0":1,"1":1,"2":1,"3":2,"4":2,"5":2,"6":2,"7":0,"8":2},"f":{"0":2},"b":{},"_coverageSchema":"1a1c01bbd47fc00a2c39e90264f33305004495a9","hash":"9eb5025b7f96b1ab0792a5deabe3b72a0c98bc10"}
,"C:\\Users\\Fausto\\Desktop\\2DAW\\EntornoServidor\\FOOTBALLTRADING\\backend\\src\\services\\multerConfig.js": {"path":"C:\\Users\\Fausto\\Desktop\\2DAW\\EntornoServidor\\FOOTBALLTRADING\\backend\\src\\services\\multerConfig.js","statementMap":{"0":{"start":{"line":5,"column":16},"end":{"line":12,"column":2}},"1":{"start":{"line":9,"column":33},"end":{"line":9,"column":38}},"2":{"start":{"line":10,"column":30},"end":{"line":10,"column":66}},"3":{"start":{"line":14,"column":15},"end":{"line":17,"column":2}}},"fnMap":{"0":{"name":"(anonymous_0)","decl":{"start":{"line":9,"column":12},"end":{"line":9,"column":13}},"loc":{"start":{"line":9,"column":33},"end":{"line":9,"column":38}},"line":9},"1":{"name":"(anonymous_1)","decl":{"start":{"line":10,"column":15},"end":{"line":10,"column":16}},"loc":{"start":{"line":10,"column":30},"end":{"line":10,"column":66}},"line":10}},"branchMap":{},"s":{"0":6,"1":0,"2":0,"3":6},"f":{"0":0,"1":0},"b":{},"_coverageSchema":"1a1c01bbd47fc00a2c39e90264f33305004495a9","hash":"3656d724b3d47583d5fc5f54113bed9f84cefba6"}
,"C:\\Users\\Fausto\\Desktop\\2DAW\\EntornoServidor\\FOOTBALLTRADING\\backend\\src\\services\\swaggerConfig.js": {"path":"C:\\Users\\Fausto\\Desktop\\2DAW\\EntornoServidor\\FOOTBALLTRADING\\backend\\src\\services\\swaggerConfig.js","statementMap":{"0":{"start":{"line":4,"column":16},"end":{"line":19,"column":1}},"1":{"start":{"line":21,"column":20},"end":{"line":21,"column":41}}},"fnMap":{},"branchMap":{},"s":{"0":5,"1":5},"f":{},"b":{},"_coverageSchema":"1a1c01bbd47fc00a2c39e90264f33305004495a9","hash":"79f87f86d32e6968da7cd963d2b614714ec74cd1"}
}
