{"C:\\Users\\Fausto\\Desktop\\2DAW\\EntornoServidor\\DAWES\\SegundoTrimestre\\proyectoFootTrading\\backend\\src\\controllers\\productController.js": {"path":"C:\\Users\\Fausto\\Desktop\\2DAW\\EntornoServidor\\DAWES\\SegundoTrimestre\\proyectoFootTrading\\backend\\src\\controllers\\productController.js","statementMap":{"0":{"start":{"line":3,"column":39},"end":{"line":31,"column":1}},"1":{"start":{"line":4,"column":93},"end":{"line":4,"column":101}},"2":{"start":{"line":6,"column":4},"end":{"line":30,"column":5}},"3":{"start":{"line":8,"column":33},"end":{"line":8,"column":82}},"4":{"start":{"line":8,"column":67},"end":{"line":8,"column":76}},"5":{"start":{"line":10,"column":8},"end":{"line":10,"column":140}},"6":{"start":{"line":13,"column":8},"end":{"line":21,"column":9}},"7":{"start":{"line":14,"column":12},"end":{"line":14,"column":113}},"8":{"start":{"line":15,"column":15},"end":{"line":21,"column":9}},"9":{"start":{"line":16,"column":12},"end":{"line":16,"column":111}},"10":{"start":{"line":17,"column":15},"end":{"line":21,"column":9}},"11":{"start":{"line":18,"column":12},"end":{"line":18,"column":101}},"12":{"start":{"line":20,"column":12},"end":{"line":20,"column":83}},"13":{"start":{"line":24,"column":8},"end":{"line":24,"column":32}},"14":{"start":{"line":26,"column":8},"end":{"line":26,"column":95}},"15":{"start":{"line":28,"column":8},"end":{"line":28,"column":60}},"16":{"start":{"line":29,"column":8},"end":{"line":29,"column":94}},"17":{"start":{"line":33,"column":39},"end":{"line":48,"column":1}},"18":{"start":{"line":34,"column":19},"end":{"line":34,"column":29}},"19":{"start":{"line":36,"column":4},"end":{"line":47,"column":5}},"20":{"start":{"line":38,"column":31},"end":{"line":38,"column":66}},"21":{"start":{"line":40,"column":8},"end":{"line":42,"column":9}},"22":{"start":{"line":41,"column":12},"end":{"line":41,"column":79}},"23":{"start":{"line":44,"column":8},"end":{"line":44,"column":100}},"24":{"start":{"line":46,"column":8},"end":{"line":46,"column":95}},"25":{"start":{"line":50,"column":39},"end":{"line":74,"column":1}},"26":{"start":{"line":51,"column":19},"end":{"line":51,"column":29}},"27":{"start":{"line":52,"column":111},"end":{"line":52,"column":119}},"28":{"start":{"line":54,"column":4},"end":{"line":73,"column":5}},"29":{"start":{"line":56,"column":8},"end":{"line":64,"column":9}},"30":{"start":{"line":57,"column":12},"end":{"line":57,"column":135}},"31":{"start":{"line":58,"column":15},"end":{"line":64,"column":9}},"32":{"start":{"line":59,"column":12},"end":{"line":59,"column":154}},"33":{"start":{"line":60,"column":15},"end":{"line":64,"column":9}},"34":{"start":{"line":61,"column":12},"end":{"line":61,"column":144}},"35":{"start":{"line":63,"column":12},"end":{"line":63,"column":131}},"36":{"start":{"line":66,"column":8},"end":{"line":68,"column":9}},"37":{"start":{"line":67,"column":12},"end":{"line":67,"column":79}},"38":{"start":{"line":70,"column":8},"end":{"line":70,"column":104}},"39":{"start":{"line":72,"column":8},"end":{"line":72,"column":99}}},"fnMap":{"0":{"name":"(anonymous_0)","decl":{"start":{"line":3,"column":39},"end":{"line":3,"column":40}},"loc":{"start":{"line":3,"column":59},"end":{"line":31,"column":1}},"line":3},"1":{"name":"(anonymous_1)","decl":{"start":{"line":8,"column":59},"end":{"line":8,"column":60}},"loc":{"start":{"line":8,"column":67},"end":{"line":8,"column":76}},"line":8},"2":{"name":"(anonymous_2)","decl":{"start":{"line":33,"column":39},"end":{"line":33,"column":40}},"loc":{"start":{"line":33,"column":59},"end":{"line":48,"column":1}},"line":33},"3":{"name":"(anonymous_3)","decl":{"start":{"line":50,"column":39},"end":{"line":50,"column":40}},"loc":{"start":{"line":50,"column":59},"end":{"line":74,"column":1}},"line":50}},"branchMap":{"0":{"loc":{"start":{"line":8,"column":33},"end":{"line":8,"column":82}},"type":"cond-expr","locations":[{"start":{"line":8,"column":45},"end":{"line":8,"column":77}},{"start":{"line":8,"column":80},"end":{"line":8,"column":82}}],"line":8},"1":{"loc":{"start":{"line":13,"column":8},"end":{"line":21,"column":9}},"type":"if","locations":[{"start":{"line":13,"column":8},"end":{"line":21,"column":9}},{"start":{"line":15,"column":15},"end":{"line":21,"column":9}}],"line":13},"2":{"loc":{"start":{"line":15,"column":15},"end":{"line":21,"column":9}},"type":"if","locations":[{"start":{"line":15,"column":15},"end":{"line":21,"column":9}},{"start":{"line":17,"column":15},"end":{"line":21,"column":9}}],"line":15},"3":{"loc":{"start":{"line":17,"column":15},"end":{"line":21,"column":9}},"type":"if","locations":[{"start":{"line":17,"column":15},"end":{"line":21,"column":9}},{"start":{"line":19,"column":15},"end":{"line":21,"column":9}}],"line":17},"4":{"loc":{"start":{"line":40,"column":8},"end":{"line":42,"column":9}},"type":"if","locations":[{"start":{"line":40,"column":8},"end":{"line":42,"column":9}},{"start":{},"end":{}}],"line":40},"5":{"loc":{"start":{"line":56,"column":8},"end":{"line":64,"column":9}},"type":"if","locations":[{"start":{"line":56,"column":8},"end":{"line":64,"column":9}},{"start":{"line":58,"column":15},"end":{"line":64,"column":9}}],"line":56},"6":{"loc":{"start":{"line":58,"column":15},"end":{"line":64,"column":9}},"type":"if","locations":[{"start":{"line":58,"column":15},"end":{"line":64,"column":9}},{"start":{"line":60,"column":15},"end":{"line":64,"column":9}}],"line":58},"7":{"loc":{"start":{"line":60,"column":15},"end":{"line":64,"column":9}},"type":"if","locations":[{"start":{"line":60,"column":15},"end":{"line":64,"column":9}},{"start":{"line":62,"column":15},"end":{"line":64,"column":9}}],"line":60},"8":{"loc":{"start":{"line":66,"column":8},"end":{"line":68,"column":9}},"type":"if","locations":[{"start":{"line":66,"column":8},"end":{"line":68,"column":9}},{"start":{},"end":{}}],"line":66}},"s":{"0":3,"1":1,"2":1,"3":1,"4":0,"5":1,"6":1,"7":1,"8":0,"9":0,"10":0,"11":0,"12":0,"13":1,"14":1,"15":0,"16":0,"17":3,"18":1,"19":1,"20":1,"21":1,"22":0,"23":1,"24":0,"25":3,"26":1,"27":1,"28":1,"29":1,"30":0,"31":1,"32":0,"33":1,"34":0,"35":1,"36":1,"37":0,"38":1,"39":0},"f":{"0":1,"1":0,"2":1,"3":1},"b":{"0":[0,1],"1":[1,0],"2":[0,0],"3":[0,0],"4":[0,1],"5":[0,1],"6":[0,1],"7":[0,1],"8":[0,1]},"_coverageSchema":"1a1c01bbd47fc00a2c39e90264f33305004495a9","hash":"47f6e5d88d3bc103be2ab872f9273076620ec321"}
,"C:\\Users\\Fausto\\Desktop\\2DAW\\EntornoServidor\\DAWES\\SegundoTrimestre\\proyectoFootTrading\\backend\\src\\controllers\\userController.js": {"path":"C:\\Users\\Fausto\\Desktop\\2DAW\\EntornoServidor\\DAWES\\SegundoTrimestre\\proyectoFootTrading\\backend\\src\\controllers\\userController.js","statementMap":{"0":{"start":{"line":5,"column":18},"end":{"line":5,"column":61}},"1":{"start":{"line":7,"column":36},"end":{"line":39,"column":1}},"2":{"start":{"line":8,"column":83},"end":{"line":8,"column":91}},"3":{"start":{"line":10,"column":4},"end":{"line":38,"column":5}},"4":{"start":{"line":12,"column":29},"end":{"line":12,"column":128}},"5":{"start":{"line":13,"column":8},"end":{"line":15,"column":9}},"6":{"start":{"line":14,"column":12},"end":{"line":14,"column":117}},"7":{"start":{"line":18,"column":31},"end":{"line":18,"column":62}},"8":{"start":{"line":21,"column":24},"end":{"line":29,"column":10}},"9":{"start":{"line":32,"column":8},"end":{"line":32,"column":29}},"10":{"start":{"line":34,"column":8},"end":{"line":34,"column":88}},"11":{"start":{"line":36,"column":8},"end":{"line":36,"column":59}},"12":{"start":{"line":37,"column":8},"end":{"line":37,"column":93}},"13":{"start":{"line":41,"column":35},"end":{"line":65,"column":1}},"14":{"start":{"line":42,"column":35},"end":{"line":42,"column":43}},"15":{"start":{"line":44,"column":4},"end":{"line":64,"column":5}},"16":{"start":{"line":46,"column":21},"end":{"line":46,"column":77}},"17":{"start":{"line":47,"column":8},"end":{"line":49,"column":9}},"18":{"start":{"line":48,"column":12},"end":{"line":48,"column":99}},"19":{"start":{"line":52,"column":24},"end":{"line":52,"column":69}},"20":{"start":{"line":53,"column":8},"end":{"line":55,"column":9}},"21":{"start":{"line":54,"column":12},"end":{"line":54,"column":99}},"22":{"start":{"line":58,"column":22},"end":{"line":58,"column":105}},"23":{"start":{"line":60,"column":8},"end":{"line":60,"column":112}},"24":{"start":{"line":62,"column":8},"end":{"line":62,"column":57}},"25":{"start":{"line":63,"column":8},"end":{"line":63,"column":91}},"26":{"start":{"line":67,"column":40},"end":{"line":89,"column":1}},"27":{"start":{"line":68,"column":25},"end":{"line":68,"column":34}},"28":{"start":{"line":70,"column":4},"end":{"line":88,"column":5}},"29":{"start":{"line":72,"column":21},"end":{"line":72,"column":77}},"30":{"start":{"line":73,"column":8},"end":{"line":75,"column":9}},"31":{"start":{"line":74,"column":12},"end":{"line":74,"column":78}},"32":{"start":{"line":77,"column":8},"end":{"line":84,"column":11}},"33":{"start":{"line":86,"column":8},"end":{"line":86,"column":72}},"34":{"start":{"line":87,"column":8},"end":{"line":87,"column":106}},"35":{"start":{"line":91,"column":36},"end":{"line":106,"column":1}},"36":{"start":{"line":92,"column":19},"end":{"line":92,"column":29}},"37":{"start":{"line":94,"column":4},"end":{"line":105,"column":5}},"38":{"start":{"line":96,"column":28},"end":{"line":96,"column":60}},"39":{"start":{"line":98,"column":8},"end":{"line":100,"column":9}},"40":{"start":{"line":99,"column":12},"end":{"line":99,"column":78}},"41":{"start":{"line":102,"column":8},"end":{"line":102,"column":93}},"42":{"start":{"line":104,"column":8},"end":{"line":104,"column":94}}},"fnMap":{"0":{"name":"(anonymous_0)","decl":{"start":{"line":7,"column":36},"end":{"line":7,"column":37}},"loc":{"start":{"line":7,"column":56},"end":{"line":39,"column":1}},"line":7},"1":{"name":"(anonymous_1)","decl":{"start":{"line":41,"column":35},"end":{"line":41,"column":36}},"loc":{"start":{"line":41,"column":55},"end":{"line":65,"column":1}},"line":41},"2":{"name":"(anonymous_2)","decl":{"start":{"line":67,"column":40},"end":{"line":67,"column":41}},"loc":{"start":{"line":67,"column":60},"end":{"line":89,"column":1}},"line":67},"3":{"name":"(anonymous_3)","decl":{"start":{"line":91,"column":36},"end":{"line":91,"column":37}},"loc":{"start":{"line":91,"column":56},"end":{"line":106,"column":1}},"line":91}},"branchMap":{"0":{"loc":{"start":{"line":5,"column":18},"end":{"line":5,"column":61}},"type":"binary-expr","locations":[{"start":{"line":5,"column":18},"end":{"line":5,"column":40}},{"start":{"line":5,"column":44},"end":{"line":5,"column":61}}],"line":5},"1":{"loc":{"start":{"line":13,"column":8},"end":{"line":15,"column":9}},"type":"if","locations":[{"start":{"line":13,"column":8},"end":{"line":15,"column":9}},{"start":{},"end":{}}],"line":13},"2":{"loc":{"start":{"line":47,"column":8},"end":{"line":49,"column":9}},"type":"if","locations":[{"start":{"line":47,"column":8},"end":{"line":49,"column":9}},{"start":{},"end":{}}],"line":47},"3":{"loc":{"start":{"line":53,"column":8},"end":{"line":55,"column":9}},"type":"if","locations":[{"start":{"line":53,"column":8},"end":{"line":55,"column":9}},{"start":{},"end":{}}],"line":53},"4":{"loc":{"start":{"line":73,"column":8},"end":{"line":75,"column":9}},"type":"if","locations":[{"start":{"line":73,"column":8},"end":{"line":75,"column":9}},{"start":{},"end":{}}],"line":73},"5":{"loc":{"start":{"line":98,"column":8},"end":{"line":100,"column":9}},"type":"if","locations":[{"start":{"line":98,"column":8},"end":{"line":100,"column":9}},{"start":{},"end":{}}],"line":98}},"s":{"0":3,"1":3,"2":2,"3":2,"4":2,"5":2,"6":0,"7":2,"8":2,"9":2,"10":2,"11":0,"12":0,"13":3,"14":1,"15":1,"16":1,"17":1,"18":0,"19":1,"20":1,"21":0,"22":1,"23":1,"24":0,"25":0,"26":3,"27":1,"28":1,"29":1,"30":1,"31":0,"32":1,"33":0,"34":0,"35":3,"36":1,"37":1,"38":1,"39":1,"40":0,"41":1,"42":0},"f":{"0":2,"1":1,"2":1,"3":1},"b":{"0":[3,3],"1":[0,2],"2":[0,1],"3":[0,1],"4":[0,1],"5":[0,1]},"_coverageSchema":"1a1c01bbd47fc00a2c39e90264f33305004495a9","hash":"35c919488f74de6d59daa33d9728e9ac313b8061"}
,"C:\\Users\\Fausto\\Desktop\\2DAW\\EntornoServidor\\DAWES\\SegundoTrimestre\\proyectoFootTrading\\backend\\src\\loaders\\express.js": {"path":"C:\\Users\\Fausto\\Desktop\\2DAW\\EntornoServidor\\DAWES\\SegundoTrimestre\\proyectoFootTrading\\backend\\src\\loaders\\express.js","statementMap":{"0":{"start":{"line":6,"column":19},"end":{"line":6,"column":77}},"1":{"start":{"line":7,"column":18},"end":{"line":7,"column":42}},"2":{"start":{"line":10,"column":4},"end":{"line":10,"column":28}},"3":{"start":{"line":11,"column":4},"end":{"line":11,"column":52}},"4":{"start":{"line":13,"column":24},"end":{"line":17,"column":5}},"5":{"start":{"line":18,"column":4},"end":{"line":18,"column":31}},"6":{"start":{"line":21,"column":4},"end":{"line":21,"column":28}},"7":{"start":{"line":24,"column":4},"end":{"line":24,"column":38}},"8":{"start":{"line":27,"column":4},"end":{"line":30,"column":7}},"9":{"start":{"line":28,"column":8},"end":{"line":28,"column":33}},"10":{"start":{"line":29,"column":8},"end":{"line":29,"column":49}}},"fnMap":{"0":{"name":"(anonymous_0)","decl":{"start":{"line":9,"column":15},"end":{"line":9,"column":16}},"loc":{"start":{"line":9,"column":24},"end":{"line":31,"column":1}},"line":9},"1":{"name":"(anonymous_1)","decl":{"start":{"line":27,"column":12},"end":{"line":27,"column":13}},"loc":{"start":{"line":27,"column":37},"end":{"line":30,"column":5}},"line":27}},"branchMap":{},"s":{"0":3,"1":3,"2":3,"3":3,"4":3,"5":3,"6":3,"7":3,"8":3,"9":0,"10":0},"f":{"0":3,"1":0},"b":{},"_coverageSchema":"1a1c01bbd47fc00a2c39e90264f33305004495a9","hash":"c46e1a6f37c34521469e774388654b4fcae70ee5"}
,"C:\\Users\\Fausto\\Desktop\\2DAW\\EntornoServidor\\DAWES\\SegundoTrimestre\\proyectoFootTrading\\backend\\src\\loaders\\index.js": {"path":"C:\\Users\\Fausto\\Desktop\\2DAW\\EntornoServidor\\DAWES\\SegundoTrimestre\\proyectoFootTrading\\backend\\src\\loaders\\index.js","statementMap":{"0":{"start":{"line":4,"column":8},"end":{"line":4,"column":43}}},"fnMap":{"0":{"name":"(anonymous_0)","decl":{"start":{"line":2,"column":10},"end":{"line":2,"column":11}},"loc":{"start":{"line":2,"column":19},"end":{"line":5,"column":5}},"line":2}},"branchMap":{},"s":{"0":3},"f":{"0":3},"b":{},"_coverageSchema":"1a1c01bbd47fc00a2c39e90264f33305004495a9","hash":"a434078574731147fc4e89b44fb74fcd28123ad8"}
,"C:\\Users\\Fausto\\Desktop\\2DAW\\EntornoServidor\\DAWES\\SegundoTrimestre\\proyectoFootTrading\\backend\\src\\middleware\\authMiddleware.js": {"path":"C:\\Users\\Fausto\\Desktop\\2DAW\\EntornoServidor\\DAWES\\SegundoTrimestre\\proyectoFootTrading\\backend\\src\\middleware\\authMiddleware.js","statementMap":{"0":{"start":{"line":5,"column":18},"end":{"line":5,"column":61}},"1":{"start":{"line":7,"column":23},"end":{"line":33,"column":1}},"2":{"start":{"line":8,"column":16},"end":{"line":8,"column":56}},"3":{"start":{"line":10,"column":2},"end":{"line":12,"column":3}},"4":{"start":{"line":11,"column":4},"end":{"line":11,"column":66}},"5":{"start":{"line":14,"column":2},"end":{"line":32,"column":3}},"6":{"start":{"line":15,"column":20},"end":{"line":15,"column":48}},"7":{"start":{"line":16,"column":17},"end":{"line":16,"column":48}},"8":{"start":{"line":18,"column":4},"end":{"line":20,"column":5}},"9":{"start":{"line":19,"column":6},"end":{"line":19,"column":65}},"10":{"start":{"line":22,"column":20},"end":{"line":22,"column":73}},"11":{"start":{"line":24,"column":4},"end":{"line":26,"column":5}},"12":{"start":{"line":25,"column":6},"end":{"line":25,"column":64}},"13":{"start":{"line":28,"column":4},"end":{"line":28,"column":20}},"14":{"start":{"line":29,"column":4},"end":{"line":29,"column":11}},"15":{"start":{"line":31,"column":4},"end":{"line":31,"column":62}}},"fnMap":{"0":{"name":"(anonymous_0)","decl":{"start":{"line":7,"column":23},"end":{"line":7,"column":24}},"loc":{"start":{"line":7,"column":49},"end":{"line":33,"column":1}},"line":7}},"branchMap":{"0":{"loc":{"start":{"line":5,"column":18},"end":{"line":5,"column":61}},"type":"binary-expr","locations":[{"start":{"line":5,"column":18},"end":{"line":5,"column":40}},{"start":{"line":5,"column":44},"end":{"line":5,"column":61}}],"line":5},"1":{"loc":{"start":{"line":10,"column":2},"end":{"line":12,"column":3}},"type":"if","locations":[{"start":{"line":10,"column":2},"end":{"line":12,"column":3}},{"start":{},"end":{}}],"line":10},"2":{"loc":{"start":{"line":18,"column":4},"end":{"line":20,"column":5}},"type":"if","locations":[{"start":{"line":18,"column":4},"end":{"line":20,"column":5}},{"start":{},"end":{}}],"line":18},"3":{"loc":{"start":{"line":24,"column":4},"end":{"line":26,"column":5}},"type":"if","locations":[{"start":{"line":24,"column":4},"end":{"line":26,"column":5}},{"start":{},"end":{}}],"line":24}},"s":{"0":1,"1":1,"2":3,"3":3,"4":1,"5":2,"6":2,"7":1,"8":1,"9":0,"10":1,"11":1,"12":0,"13":1,"14":1,"15":1},"f":{"0":3},"b":{"0":[1,1],"1":[1,2],"2":[0,1],"3":[0,1]},"_coverageSchema":"1a1c01bbd47fc00a2c39e90264f33305004495a9","hash":"ede035b8662cbbfafb8460119dec1e19e5c43b2f"}
,"C:\\Users\\Fausto\\Desktop\\2DAW\\EntornoServidor\\DAWES\\SegundoTrimestre\\proyectoFootTrading\\backend\\src\\middleware\\errorHandlerMiddleware.js": {"path":"C:\\Users\\Fausto\\Desktop\\2DAW\\EntornoServidor\\DAWES\\SegundoTrimestre\\proyectoFootTrading\\backend\\src\\middleware\\errorHandlerMiddleware.js","statementMap":{"0":{"start":{"line":1,"column":31},"end":{"line":4,"column":3}},"1":{"start":{"line":2,"column":4},"end":{"line":2,"column":29}},"2":{"start":{"line":3,"column":4},"end":{"line":3,"column":78}}},"fnMap":{"0":{"name":"(anonymous_0)","decl":{"start":{"line":1,"column":31},"end":{"line":1,"column":32}},"loc":{"start":{"line":1,"column":56},"end":{"line":4,"column":3}},"line":1}},"branchMap":{},"s":{"0":1,"1":1,"2":1},"f":{"0":1},"b":{},"_coverageSchema":"1a1c01bbd47fc00a2c39e90264f33305004495a9","hash":"350c86c72ce6610927893836f6776885e1ebf01a"}
,"C:\\Users\\Fausto\\Desktop\\2DAW\\EntornoServidor\\DAWES\\SegundoTrimestre\\proyectoFootTrading\\backend\\src\\middleware\\index.js": {"path":"C:\\Users\\Fausto\\Desktop\\2DAW\\EntornoServidor\\DAWES\\SegundoTrimestre\\proyectoFootTrading\\backend\\src\\middleware\\index.js","statementMap":{},"fnMap":{},"branchMap":{},"s":{},"f":{},"b":{},"_coverageSchema":"1a1c01bbd47fc00a2c39e90264f33305004495a9","hash":"0262201d262252907746f77eca091b556836ecfc"}
,"C:\\Users\\Fausto\\Desktop\\2DAW\\EntornoServidor\\DAWES\\SegundoTrimestre\\proyectoFootTrading\\backend\\src\\models\\product.js": {"path":"C:\\Users\\Fausto\\Desktop\\2DAW\\EntornoServidor\\DAWES\\SegundoTrimestre\\proyectoFootTrading\\backend\\src\\models\\product.js","statementMap":{"0":{"start":{"line":49,"column":22},"end":{"line":72,"column":32}},"1":{"start":{"line":74,"column":16},"end":{"line":74,"column":56}},"2":{"start":{"line":77,"column":13},"end":{"line":82,"column":3}},"3":{"start":{"line":85,"column":14},"end":{"line":90,"column":3}},"4":{"start":{"line":93,"column":18},"end":{"line":99,"column":3}}},"fnMap":{},"branchMap":{},"s":{"0":3,"1":3,"2":3,"3":3,"4":3},"f":{},"b":{},"_coverageSchema":"1a1c01bbd47fc00a2c39e90264f33305004495a9","hash":"724abf4a0e74898b5b846ccbe100c5b390b22b7c"}
,"C:\\Users\\Fausto\\Desktop\\2DAW\\EntornoServidor\\DAWES\\SegundoTrimestre\\proyectoFootTrading\\backend\\src\\models\\user.js": {"path":"C:\\Users\\Fausto\\Desktop\\2DAW\\EntornoServidor\\DAWES\\SegundoTrimestre\\proyectoFootTrading\\backend\\src\\models\\user.js","statementMap":{"0":{"start":{"line":48,"column":19},"end":{"line":90,"column":2}},"1":{"start":{"line":92,"column":13},"end":{"line":92,"column":47}}},"fnMap":{},"branchMap":{},"s":{"0":4,"1":4},"f":{},"b":{},"_coverageSchema":"1a1c01bbd47fc00a2c39e90264f33305004495a9","hash":"19d12e3c061e9ccfec565ac5e61194b1e9cb9c7a"}
,"C:\\Users\\Fausto\\Desktop\\2DAW\\EntornoServidor\\DAWES\\SegundoTrimestre\\proyectoFootTrading\\backend\\src\\routes\\index.js": {"path":"C:\\Users\\Fausto\\Desktop\\2DAW\\EntornoServidor\\DAWES\\SegundoTrimestre\\proyectoFootTrading\\backend\\src\\routes\\index.js","statementMap":{"0":{"start":{"line":7,"column":15},"end":{"line":7,"column":23}},"1":{"start":{"line":52,"column":0},"end":{"line":52,"column":44}},"2":{"start":{"line":93,"column":0},"end":{"line":93,"column":43}},"3":{"start":{"line":134,"column":0},"end":{"line":134,"column":55}},"4":{"start":{"line":183,"column":0},"end":{"line":183,"column":94}},"5":{"start":{"line":203,"column":0},"end":{"line":210,"column":3}},"6":{"start":{"line":204,"column":4},"end":{"line":209,"column":5}},"7":{"start":{"line":205,"column":25},"end":{"line":205,"column":45}},"8":{"start":{"line":206,"column":8},"end":{"line":206,"column":39}},"9":{"start":{"line":208,"column":8},"end":{"line":208,"column":98}},"10":{"start":{"line":242,"column":0},"end":{"line":242,"column":50}},"11":{"start":{"line":274,"column":0},"end":{"line":274,"column":56}},"12":{"start":{"line":331,"column":0},"end":{"line":331,"column":53}}},"fnMap":{"0":{"name":"(anonymous_0)","decl":{"start":{"line":203,"column":24},"end":{"line":203,"column":25}},"loc":{"start":{"line":203,"column":44},"end":{"line":210,"column":1}},"line":203}},"branchMap":{},"s":{"0":3,"1":3,"2":3,"3":3,"4":3,"5":3,"6":1,"7":1,"8":1,"9":0,"10":3,"11":3,"12":3},"f":{"0":1},"b":{},"_coverageSchema":"1a1c01bbd47fc00a2c39e90264f33305004495a9","hash":"c6c5029cdd708fc5729f4a7db505bc6a1e0d670d"}
,"C:\\Users\\Fausto\\Desktop\\2DAW\\EntornoServidor\\DAWES\\SegundoTrimestre\\proyectoFootTrading\\backend\\src\\services\\cloudinaryConfig.js": {"path":"C:\\Users\\Fausto\\Desktop\\2DAW\\EntornoServidor\\DAWES\\SegundoTrimestre\\proyectoFootTrading\\backend\\src\\services\\cloudinaryConfig.js","statementMap":{"0":{"start":{"line":3,"column":0},"end":{"line":3,"column":16}},"1":{"start":{"line":6,"column":0},"end":{"line":10,"column":3}}},"fnMap":{},"branchMap":{},"s":{"0":3,"1":3},"f":{},"b":{},"_coverageSchema":"1a1c01bbd47fc00a2c39e90264f33305004495a9","hash":"a40e15ce98a160c39a0d7c11866715cebeb4250c"}
,"C:\\Users\\Fausto\\Desktop\\2DAW\\EntornoServidor\\DAWES\\SegundoTrimestre\\proyectoFootTrading\\backend\\src\\services\\mongo.js": {"path":"C:\\Users\\Fausto\\Desktop\\2DAW\\EntornoServidor\\DAWES\\SegundoTrimestre\\proyectoFootTrading\\backend\\src\\services\\mongo.js","statementMap":{"0":{"start":{"line":3,"column":18},"end":{"line":14,"column":1}},"1":{"start":{"line":4,"column":4},"end":{"line":4,"column":44}},"2":{"start":{"line":5,"column":4},"end":{"line":13,"column":5}},"3":{"start":{"line":6,"column":8},"end":{"line":8,"column":11}},"4":{"start":{"line":9,"column":8},"end":{"line":9,"column":44}},"5":{"start":{"line":11,"column":8},"end":{"line":11,"column":69}},"6":{"start":{"line":12,"column":8},"end":{"line":12,"column":24}}},"fnMap":{"0":{"name":"(anonymous_0)","decl":{"start":{"line":3,"column":18},"end":{"line":3,"column":19}},"loc":{"start":{"line":3,"column":30},"end":{"line":14,"column":1}},"line":3}},"branchMap":{},"s":{"0":3,"1":3,"2":3,"3":3,"4":3,"5":0,"6":0},"f":{"0":3},"b":{},"_coverageSchema":"1a1c01bbd47fc00a2c39e90264f33305004495a9","hash":"3fbb8137f484837f3ee819e280990d0adad4dd98"}
,"C:\\Users\\Fausto\\Desktop\\2DAW\\EntornoServidor\\DAWES\\SegundoTrimestre\\proyectoFootTrading\\backend\\src\\services\\multerConfig.js": {"path":"C:\\Users\\Fausto\\Desktop\\2DAW\\EntornoServidor\\DAWES\\SegundoTrimestre\\proyectoFootTrading\\backend\\src\\services\\multerConfig.js","statementMap":{"0":{"start":{"line":5,"column":16},"end":{"line":12,"column":2}},"1":{"start":{"line":9,"column":33},"end":{"line":9,"column":38}},"2":{"start":{"line":10,"column":30},"end":{"line":10,"column":66}},"3":{"start":{"line":14,"column":15},"end":{"line":17,"column":2}}},"fnMap":{"0":{"name":"(anonymous_0)","decl":{"start":{"line":9,"column":12},"end":{"line":9,"column":13}},"loc":{"start":{"line":9,"column":33},"end":{"line":9,"column":38}},"line":9},"1":{"name":"(anonymous_1)","decl":{"start":{"line":10,"column":15},"end":{"line":10,"column":16}},"loc":{"start":{"line":10,"column":30},"end":{"line":10,"column":66}},"line":10}},"branchMap":{},"s":{"0":3,"1":0,"2":0,"3":3},"f":{"0":0,"1":0},"b":{},"_coverageSchema":"1a1c01bbd47fc00a2c39e90264f33305004495a9","hash":"6c063305119fe56108a607048401b01fdcd8b303"}
,"C:\\Users\\Fausto\\Desktop\\2DAW\\EntornoServidor\\DAWES\\SegundoTrimestre\\proyectoFootTrading\\backend\\src\\services\\swaggerConfig.js": {"path":"C:\\Users\\Fausto\\Desktop\\2DAW\\EntornoServidor\\DAWES\\SegundoTrimestre\\proyectoFootTrading\\backend\\src\\services\\swaggerConfig.js","statementMap":{"0":{"start":{"line":4,"column":16},"end":{"line":19,"column":1}},"1":{"start":{"line":21,"column":20},"end":{"line":21,"column":41}}},"fnMap":{},"branchMap":{},"s":{"0":3,"1":3},"f":{},"b":{},"_coverageSchema":"1a1c01bbd47fc00a2c39e90264f33305004495a9","hash":"4223e33a613c222f497925977f9ff8c2605826db"}
}
