TN:
SF:src\controllers\authController.js
FN:4,(anonymous_0)
FNF:1
FNH:0
FNDA:0,(anonymous_0)
DA:4,0
DA:5,0
DA:6,0
DA:7,0
DA:10,0
DA:11,0
DA:12,0
DA:13,0
DA:14,0
DA:16,0
DA:18,0
DA:19,0
LF:12
LH:0
BRDA:6,0,0,0
BRDA:6,0,1,0
BRDA:13,1,0,0
BRDA:13,1,1,0
BRF:4
BRH:0
end_of_record
TN:
SF:src\controllers\passwordController.js
FN:15,(anonymous_0)
FN:50,(anonymous_1)
FNF:2
FNH:2
FNDA:1,(anonymous_0)
FNDA:1,(anonymous_1)
DA:6,5
DA:7,5
DA:15,5
DA:16,1
DA:18,1
DA:20,1
DA:21,0
DA:22,0
DA:26,0
DA:27,0
DA:28,0
DA:29,0
DA:31,0
DA:34,0
DA:42,0
DA:43,0
DA:45,0
DA:46,0
DA:50,5
DA:51,1
DA:53,1
DA:54,1
DA:59,0
DA:60,0
DA:63,0
DA:64,0
DA:65,0
DA:66,0
DA:68,0
DA:70,0
DA:71,0
LF:31
LH:10
BRDA:21,0,0,0
BRDA:21,0,1,0
BRDA:59,1,0,0
BRDA:59,1,1,0
BRF:4
BRH:0
end_of_record
TN:
SF:src\controllers\paymentController.js
FN:6,(anonymous_0)
FN:11,(anonymous_1)
FN:27,(anonymous_2)
FN:32,(anonymous_3)
FNF:4
FNH:1
FNDA:1,(anonymous_0)
FNDA:0,(anonymous_1)
FNDA:0,(anonymous_2)
FNDA:0,(anonymous_3)
DA:4,5
DA:6,5
DA:7,1
DA:9,1
DA:11,1
DA:14,0
DA:20,0
DA:22,1
DA:23,1
DA:27,5
DA:28,0
DA:30,0
DA:32,0
DA:33,0
DA:35,0
DA:37,0
DA:38,0
LF:17
LH:8
BRF:0
BRH:0
end_of_record
TN:
SF:src\controllers\productController.js
FN:2,(anonymous_0)
FN:7,(anonymous_1)
FN:28,(anonymous_2)
FN:44,(anonymous_3)
FN:69,(anonymous_4)
FNF:5
FNH:3
FNDA:3,(anonymous_0)
FNDA:0,(anonymous_1)
FNDA:1,(anonymous_2)
FNDA:1,(anonymous_3)
FNDA:0,(anonymous_4)
DA:2,5
DA:3,3
DA:4,3
DA:5,3
DA:7,3
DA:8,3
DA:10,3
DA:11,0
DA:12,3
DA:13,2
DA:14,1
DA:15,0
DA:17,1
DA:20,2
DA:22,2
DA:24,0
DA:25,0
DA:28,5
DA:29,1
DA:31,1
DA:33,1
DA:35,1
DA:36,0
DA:39,1
DA:41,0
DA:44,5
DA:45,1
DA:46,1
DA:48,1
DA:50,1
DA:51,0
DA:52,1
DA:53,0
DA:54,1
DA:55,0
DA:57,1
DA:60,1
DA:61,0
DA:64,1
DA:66,0
DA:69,5
DA:70,0
DA:71,0
DA:72,0
DA:73,0
DA:75,0
DA:77,0
DA:78,0
LF:48
LH:30
BRDA:4,0,0,3
BRDA:4,0,1,0
BRDA:7,1,0,0
BRDA:7,1,1,3
BRDA:10,2,0,0
BRDA:10,2,1,3
BRDA:12,3,0,2
BRDA:12,3,1,1
BRDA:14,4,0,0
BRDA:14,4,1,1
BRDA:35,5,0,0
BRDA:35,5,1,1
BRDA:50,6,0,0
BRDA:50,6,1,1
BRDA:52,7,0,0
BRDA:52,7,1,1
BRDA:54,8,0,0
BRDA:54,8,1,1
BRDA:60,9,0,0
BRDA:60,9,1,1
BRDA:72,10,0,0
BRDA:72,10,1,0
BRF:22
BRH:11
end_of_record
TN:
SF:src\controllers\userController.js
FN:7,(anonymous_0)
FN:41,(anonymous_1)
FN:67,(anonymous_2)
FN:84,(anonymous_3)
FN:101,(anonymous_4)
FNF:5
FNH:4
FNDA:1,(anonymous_0)
FNDA:4,(anonymous_1)
FNDA:1,(anonymous_2)
FNDA:1,(anonymous_3)
FNDA:0,(anonymous_4)
DA:5,5
DA:7,5
DA:8,1
DA:10,1
DA:12,1
DA:13,1
DA:14,0
DA:18,1
DA:21,1
DA:32,1
DA:34,1
DA:36,0
DA:37,0
DA:41,5
DA:42,4
DA:44,4
DA:46,4
DA:47,4
DA:48,0
DA:52,4
DA:53,4
DA:54,0
DA:58,4
DA:60,4
DA:62,0
DA:63,0
DA:67,5
DA:68,1
DA:70,1
DA:71,1
DA:73,1
DA:74,0
DA:77,1
DA:79,0
DA:80,0
DA:84,5
DA:85,1
DA:87,1
DA:89,1
DA:91,1
DA:92,0
DA:95,1
DA:97,0
DA:101,5
DA:102,0
DA:103,0
DA:104,0
DA:105,0
DA:107,0
DA:108,0
DA:112,0
DA:114,0
DA:115,0
LF:53
LH:32
BRDA:5,0,0,5
BRDA:5,0,1,0
BRDA:13,1,0,0
BRDA:13,1,1,1
BRDA:47,2,0,0
BRDA:47,2,1,4
BRDA:53,3,0,0
BRDA:53,3,1,4
BRDA:73,4,0,0
BRDA:73,4,1,1
BRDA:91,5,0,0
BRDA:91,5,1,1
BRDA:107,6,0,0
BRDA:107,6,1,0
BRF:14
BRH:6
end_of_record
TN:
SF:src\loaders\express.js
FN:9,(anonymous_0)
FN:28,(anonymous_1)
FNF:2
FNH:1
FNDA:5,(anonymous_0)
FNDA:0,(anonymous_1)
DA:6,5
DA:7,5
DA:10,5
DA:11,5
DA:13,5
DA:19,5
DA:22,5
DA:25,5
DA:28,5
DA:29,0
DA:30,0
LF:11
LH:9
BRF:0
BRH:0
end_of_record
TN:
SF:src\loaders\index.js
FN:2,(anonymous_0)
FNF:1
FNH:1
FNDA:5,(anonymous_0)
DA:4,5
LF:1
LH:1
BRF:0
BRH:0
end_of_record
TN:
SF:src\loaders\mongo.js
FN:3,(anonymous_0)
FNF:1
FNH:1
FNDA:2,(anonymous_0)
DA:3,2
DA:4,2
DA:5,2
DA:6,2
DA:9,2
DA:11,0
DA:12,0
LF:7
LH:5
BRF:0
BRH:0
end_of_record
TN:
SF:src\middleware\authMiddleware.js
FN:6,(anonymous_0)
FNF:1
FNH:1
FNDA:6,(anonymous_0)
DA:4,6
DA:6,6
DA:7,6
DA:9,6
DA:10,1
DA:13,5
DA:14,5
DA:15,4
DA:17,4
DA:18,0
DA:21,4
DA:22,4
DA:24,1
LF:13
LH:12
BRDA:4,0,0,6
BRDA:4,0,1,1
BRDA:9,1,0,1
BRDA:9,1,1,5
BRDA:17,2,0,0
BRDA:17,2,1,4
BRF:6
BRH:5
end_of_record
TN:
SF:src\middleware\errorHandlerMiddleware.js
FN:1,(anonymous_0)
FNF:1
FNH:1
FNDA:2,(anonymous_0)
DA:1,1
DA:2,2
DA:3,2
LF:3
LH:3
BRF:0
BRH:0
end_of_record
TN:
SF:src\models\product.js
FNF:0
FNH:0
DA:49,5
DA:78,5
DA:81,5
DA:89,5
DA:97,5
LF:5
LH:5
BRF:0
BRH:0
end_of_record
TN:
SF:src\models\user.js
FNF:0
FNH:0
DA:48,6
DA:60,6
LF:2
LH:2
BRF:0
BRH:0
end_of_record
TN:
SF:src\routes\index.js
FN:208,(anonymous_0)
FNF:1
FNH:1
FNDA:2,(anonymous_0)
DA:10,5
DA:55,5
DA:96,5
DA:137,5
DA:139,5
DA:188,5
DA:208,5
DA:209,2
DA:210,2
DA:211,1
DA:213,1
DA:247,5
DA:279,5
DA:336,5
DA:378,5
DA:406,5
DA:408,5
DA:410,5
LF:18
LH:18
BRF:0
BRH:0
end_of_record
TN:
SF:src\routes\userRoutes.js
FNF:0
FNH:0
DA:4,0
DA:6,0
LF:2
LH:0
BRF:0
BRH:0
end_of_record
TN:
SF:src\services\cloudinaryConfig.js
FNF:0
FNH:0
DA:3,6
DA:6,6
LF:2
LH:2
BRF:0
BRH:0
end_of_record
TN:
SF:src\services\emailService.js
FN:14,(anonymous_0)
FNF:1
FNH:1
FNDA:2,(anonymous_0)
DA:2,1
DA:6,1
DA:14,1
DA:15,2
DA:16,2
DA:27,2
DA:28,2
DA:29,0
DA:31,2
LF:9
LH:8
BRF:0
BRH:0
end_of_record
TN:
SF:src\services\multerConfig.js
FN:9,(anonymous_0)
FN:10,(anonymous_1)
FNF:2
FNH:0
FNDA:0,(anonymous_0)
FNDA:0,(anonymous_1)
DA:5,6
DA:9,0
DA:10,0
DA:14,6
LF:4
LH:2
BRF:0
BRH:0
end_of_record
TN:
SF:src\services\swaggerConfig.js
FNF:0
FNH:0
DA:4,5
DA:21,5
LF:2
LH:2
BRF:0
BRH:0
end_of_record
