TN:
SF:src\controllers\productController.js
FN:3,(anonymous_0)
FN:8,(anonymous_1)
FN:33,(anonymous_2)
FN:50,(anonymous_3)
FNF:4
FNH:3
FNDA:1,(anonymous_0)
FNDA:0,(anonymous_1)
FNDA:1,(anonymous_2)
FNDA:1,(anonymous_3)
DA:3,3
DA:4,1
DA:6,1
DA:8,1
DA:10,1
DA:13,1
DA:14,1
DA:15,0
DA:16,0
DA:17,0
DA:18,0
DA:20,0
DA:24,1
DA:26,1
DA:28,0
DA:29,0
DA:33,3
DA:34,1
DA:36,1
DA:38,1
DA:40,1
DA:41,0
DA:44,1
DA:46,0
DA:50,3
DA:51,1
DA:52,1
DA:54,1
DA:56,1
DA:57,0
DA:58,1
DA:59,0
DA:60,1
DA:61,0
DA:63,1
DA:66,1
DA:67,0
DA:70,1
DA:72,0
LF:39
LH:25
BRDA:8,0,0,0
BRDA:8,0,1,1
BRDA:13,1,0,1
BRDA:13,1,1,0
BRDA:15,2,0,0
BRDA:15,2,1,0
BRDA:17,3,0,0
BRDA:17,3,1,0
BRDA:40,4,0,0
BRDA:40,4,1,1
BRDA:56,5,0,0
BRDA:56,5,1,1
BRDA:58,6,0,0
BRDA:58,6,1,1
BRDA:60,7,0,0
BRDA:60,7,1,1
BRDA:66,8,0,0
BRDA:66,8,1,1
BRF:18
BRH:7
end_of_record
TN:
SF:src\controllers\userController.js
FN:7,(anonymous_0)
FN:41,(anonymous_1)
FN:67,(anonymous_2)
FN:91,(anonymous_3)
FNF:4
FNH:4
FNDA:2,(anonymous_0)
FNDA:1,(anonymous_1)
FNDA:1,(anonymous_2)
FNDA:1,(anonymous_3)
DA:5,3
DA:7,3
DA:8,2
DA:10,2
DA:12,2
DA:13,2
DA:14,0
DA:18,2
DA:21,2
DA:32,2
DA:34,2
DA:36,0
DA:37,0
DA:41,3
DA:42,1
DA:44,1
DA:46,1
DA:47,1
DA:48,0
DA:52,1
DA:53,1
DA:54,0
DA:58,1
DA:60,1
DA:62,0
DA:63,0
DA:67,3
DA:68,1
DA:70,1
DA:72,1
DA:73,1
DA:74,0
DA:77,1
DA:86,0
DA:87,0
DA:91,3
DA:92,1
DA:94,1
DA:96,1
DA:98,1
DA:99,0
DA:102,1
DA:104,0
LF:43
LH:31
BRDA:5,0,0,3
BRDA:5,0,1,3
BRDA:13,1,0,0
BRDA:13,1,1,2
BRDA:47,2,0,0
BRDA:47,2,1,1
BRDA:53,3,0,0
BRDA:53,3,1,1
BRDA:73,4,0,0
BRDA:73,4,1,1
BRDA:98,5,0,0
BRDA:98,5,1,1
BRF:12
BRH:7
end_of_record
TN:
SF:src\loaders\express.js
FN:9,(anonymous_0)
FN:27,(anonymous_1)
FNF:2
FNH:1
FNDA:3,(anonymous_0)
FNDA:0,(anonymous_1)
DA:6,3
DA:7,3
DA:10,3
DA:11,3
DA:13,3
DA:18,3
DA:21,3
DA:24,3
DA:27,3
DA:28,0
DA:29,0
LF:11
LH:9
BRF:0
BRH:0
end_of_record
TN:
SF:src\loaders\index.js
FN:2,(anonymous_0)
FNF:1
FNH:1
FNDA:3,(anonymous_0)
DA:4,3
LF:1
LH:1
BRF:0
BRH:0
end_of_record
TN:
SF:src\middleware\authMiddleware.js
FN:7,(anonymous_0)
FNF:1
FNH:1
FNDA:3,(anonymous_0)
DA:5,1
DA:7,1
DA:8,3
DA:10,3
DA:11,1
DA:14,2
DA:15,2
DA:16,1
DA:18,1
DA:19,0
DA:22,1
DA:24,1
DA:25,0
DA:28,1
DA:29,1
DA:31,1
LF:16
LH:14
BRDA:5,0,0,1
BRDA:5,0,1,1
BRDA:10,1,0,1
BRDA:10,1,1,2
BRDA:18,2,0,0
BRDA:18,2,1,1
BRDA:24,3,0,0
BRDA:24,3,1,1
BRF:8
BRH:6
end_of_record
TN:
SF:src\middleware\errorHandlerMiddleware.js
FN:1,(anonymous_0)
FNF:1
FNH:1
FNDA:1,(anonymous_0)
DA:1,1
DA:2,1
DA:3,1
LF:3
LH:3
BRF:0
BRH:0
end_of_record
TN:
SF:src\middleware\index.js
FNF:0
FNH:0
LF:0
LH:0
BRF:0
BRH:0
end_of_record
TN:
SF:src\models\product.js
FNF:0
FNH:0
DA:49,3
DA:74,3
DA:77,3
DA:85,3
DA:93,3
LF:5
LH:5
BRF:0
BRH:0
end_of_record
TN:
SF:src\models\user.js
FNF:0
FNH:0
DA:48,4
DA:92,4
LF:2
LH:2
BRF:0
BRH:0
end_of_record
TN:
SF:src\routes\index.js
FN:203,(anonymous_0)
FNF:1
FNH:1
FNDA:1,(anonymous_0)
DA:7,3
DA:52,3
DA:93,3
DA:134,3
DA:183,3
DA:203,3
DA:204,1
DA:205,1
DA:206,1
DA:208,0
DA:242,3
DA:274,3
DA:331,3
LF:13
LH:12
BRF:0
BRH:0
end_of_record
TN:
SF:src\services\cloudinaryConfig.js
FNF:0
FNH:0
DA:3,3
DA:6,3
LF:2
LH:2
BRF:0
BRH:0
end_of_record
TN:
SF:src\services\mongo.js
FN:3,(anonymous_0)
FNF:1
FNH:1
FNDA:3,(anonymous_0)
DA:3,3
DA:4,3
DA:5,3
DA:6,3
DA:9,3
DA:11,0
DA:12,0
LF:7
LH:5
BRF:0
BRH:0
end_of_record
TN:
SF:src\services\multerConfig.js
FN:9,(anonymous_0)
FN:10,(anonymous_1)
FNF:2
FNH:0
FNDA:0,(anonymous_0)
FNDA:0,(anonymous_1)
DA:5,3
DA:9,0
DA:10,0
DA:14,3
LF:4
LH:2
BRF:0
BRH:0
end_of_record
TN:
SF:src\services\swaggerConfig.js
FNF:0
FNH:0
DA:4,3
DA:21,3
LF:2
LH:2
BRF:0
BRH:0
end_of_record
